{"/home/narec/VSCode/react-learning/Naresh_LDP/minit-react-learning/src/App.tsx": {"path":"/home/narec/VSCode/react-learning/Naresh_LDP/minit-react-learning/src/App.tsx","statementMap":{"0":{"start":{"line":2,"column":0},"end":{"line":2,"column":46}},"1":{"start":{"line":3,"column":0},"end":{"line":3,"column":28}},"2":{"start":{"line":4,"column":0},"end":{"line":4,"column":74}},"3":{"start":{"line":5,"column":0},"end":{"line":5,"column":53}},"4":{"start":{"line":6,"column":0},"end":{"line":6,"column":67}},"5":{"start":{"line":7,"column":0},"end":{"line":7,"column":57}},"6":{"start":{"line":11,"column":2},"end":{"line":27,"column":null}},"7":{"start":{"line":29,"column":0},"end":{"line":29,"column":19}}},"fnMap":{"0":{"name":"App","decl":{"start":{"line":9,"column":9},"end":{"line":9,"column":12}},"loc":{"start":{"line":9,"column":12},"end":{"line":28,"column":1}}}},"branchMap":{},"s":{"0":1,"1":1,"2":1,"3":1,"4":1,"5":1,"6":2,"7":1},"f":{"0":2},"b":{}}
,"/home/narec/VSCode/react-learning/Naresh_LDP/minit-react-learning/src/declaration.d.ts": {"path":"/home/narec/VSCode/react-learning/Naresh_LDP/minit-react-learning/src/declaration.d.ts","statementMap":{},"fnMap":{},"branchMap":{},"s":{},"f":{},"b":{}}
,"/home/narec/VSCode/react-learning/Naresh_LDP/minit-react-learning/src/index.tsx": {"path":"/home/narec/VSCode/react-learning/Naresh_LDP/minit-react-learning/src/index.tsx","statementMap":{"0":{"start":{"line":1,"column":0},"end":{"line":1,"column":26}},"1":{"start":{"line":2,"column":0},"end":{"line":2,"column":40}},"2":{"start":{"line":3,"column":0},"end":{"line":3,"column":21}},"3":{"start":{"line":4,"column":0},"end":{"line":4,"column":24}},"4":{"start":{"line":5,"column":0},"end":{"line":5,"column":48}},"5":{"start":{"line":8,"column":13},"end":{"line":9,"column":null}},"6":{"start":{"line":11,"column":0},"end":{"line":17,"column":2}},"7":{"start":{"line":22,"column":0},"end":{"line":22,"column":18}}},"fnMap":{},"branchMap":{},"s":{"0":0,"1":0,"2":0,"3":0,"4":0,"5":0,"6":0,"7":0},"f":{},"b":{}}
,"/home/narec/VSCode/react-learning/Naresh_LDP/minit-react-learning/src/react-app-env.d.ts": {"path":"/home/narec/VSCode/react-learning/Naresh_LDP/minit-react-learning/src/react-app-env.d.ts","statementMap":{},"fnMap":{},"branchMap":{},"s":{},"f":{},"b":{}}
,"/home/narec/VSCode/react-learning/Naresh_LDP/minit-react-learning/src/reportWebVitals.ts": {"path":"/home/narec/VSCode/react-learning/Naresh_LDP/minit-react-learning/src/reportWebVitals.ts","statementMap":{"0":{"start":{"line":3,"column":24},"end":{"line":13,"column":1}},"1":{"start":{"line":4,"column":2},"end":{"line":12,"column":null}},"2":{"start":{"line":5,"column":4},"end":{"line":11,"column":7}},"3":{"start":{"line":5,"column":4},"end":{"line":5,"column":25}},"4":{"start":{"line":5,"column":39},"end":{"line":5,"column":41}},"5":{"start":{"line":5,"column":47},"end":{"line":5,"column":49}},"6":{"start":{"line":5,"column":55},"end":{"line":5,"column":57}},"7":{"start":{"line":5,"column":63},"end":{"line":5,"column":65}},"8":{"start":{"line":5,"column":72},"end":{"line":5,"column":74}},"9":{"start":{"line":6,"column":6},"end":{"line":6,"column":26}},"10":{"start":{"line":7,"column":6},"end":{"line":7,"column":26}},"11":{"start":{"line":8,"column":6},"end":{"line":8,"column":26}},"12":{"start":{"line":9,"column":6},"end":{"line":9,"column":26}},"13":{"start":{"line":10,"column":6},"end":{"line":10,"column":27}},"14":{"start":{"line":15,"column":0},"end":{"line":15,"column":31}}},"fnMap":{"0":{"name":"(anonymous_6)","decl":{"start":{"line":3,"column":24},"end":{"line":3,"column":25}},"loc":{"start":{"line":3,"column":52},"end":{"line":13,"column":1}}},"1":{"name":"(anonymous_7)","decl":{"start":{"line":5,"column":4},"end":{"line":5,"column":11}},"loc":{"start":{"line":5,"column":4},"end":{"line":5,"column":25}}},"2":{"name":"(anonymous_8)","decl":{"start":{"line":5,"column":30},"end":{"line":5,"column":31}},"loc":{"start":{"line":5,"column":74},"end":{"line":11,"column":5}}}},"branchMap":{"0":{"loc":{"start":{"line":4,"column":2},"end":{"line":12,"column":null}},"type":"if","locations":[{"start":{"line":4,"column":2},"end":{"line":12,"column":null}}]},"1":{"loc":{"start":{"line":4,"column":6},"end":{"line":4,"column":52}},"type":"binary-expr","locations":[{"start":{"line":4,"column":6},"end":{"line":4,"column":17}},{"start":{"line":4,"column":21},"end":{"line":4,"column":52}}]}},"s":{"0":0,"1":0,"2":0,"3":0,"4":0,"5":0,"6":0,"7":0,"8":0,"9":0,"10":0,"11":0,"12":0,"13":0,"14":0},"f":{"0":0,"1":0,"2":0},"b":{"0":[0],"1":[0,0]}}
,"/home/narec/VSCode/react-learning/Naresh_LDP/minit-react-learning/src/components/atoms/Dropdown/index.stories.tsx": {"path":"/home/narec/VSCode/react-learning/Naresh_LDP/minit-react-learning/src/components/atoms/Dropdown/index.stories.tsx","statementMap":{"0":{"start":{"line":1,"column":0},"end":{"line":1,"column":25}},"1":{"start":{"line":3,"column":0},"end":{"line":10,"column":2}},"2":{"start":{"line":12,"column":50},"end":{"line":12,"column":null}},"3":{"start":{"line":12,"column":60},"end":{"line":14,"column":2}},"4":{"start":{"line":18,"column":13},"end":{"line":18,"column":43}},"5":{"start":{"line":19,"column":0},"end":{"line":21,"column":2}}},"fnMap":{"0":{"name":"(anonymous_3)","decl":{"start":{"line":12,"column":50},"end":{"line":12,"column":51}},"loc":{"start":{"line":12,"column":55},"end":{"line":12,"column":null}}}},"branchMap":{},"s":{"0":0,"1":0,"2":0,"3":0,"4":0,"5":0},"f":{"0":0},"b":{}}
,"/home/narec/VSCode/react-learning/Naresh_LDP/minit-react-learning/src/components/atoms/Dropdown/index.tsx": {"path":"/home/narec/VSCode/react-learning/Naresh_LDP/minit-react-learning/src/components/atoms/Dropdown/index.tsx","statementMap":{"0":{"start":{"line":5,"column":0},"end":{"line":5,"column":74}},"1":{"start":{"line":15,"column":42},"end":{"line":35,"column":1}},"2":{"start":{"line":15,"column":53},"end":{"line":15,"column":54}},"3":{"start":{"line":15,"column":62},"end":{"line":15,"column":63}},"4":{"start":{"line":16,"column":2},"end":{"line":34,"column":4}},"5":{"start":{"line":37,"column":0},"end":{"line":37,"column":24}}},"fnMap":{"0":{"name":"(anonymous_2)","decl":{"start":{"line":15,"column":42},"end":{"line":15,"column":43}},"loc":{"start":{"line":15,"column":63},"end":{"line":35,"column":1}}}},"branchMap":{},"s":{"0":2,"1":2,"2":2,"3":2,"4":2,"5":2},"f":{"0":2},"b":{}}
,"/home/narec/VSCode/react-learning/Naresh_LDP/minit-react-learning/src/components/atoms/MiniteAvatar/index.stories.tsx": {"path":"/home/narec/VSCode/react-learning/Naresh_LDP/minit-react-learning/src/components/atoms/MiniteAvatar/index.stories.tsx","statementMap":{"0":{"start":{"line":1,"column":0},"end":{"line":1,"column":29}},"1":{"start":{"line":3,"column":0},"end":{"line":3,"column":58}},"2":{"start":{"line":4,"column":0},"end":{"line":11,"column":2}},"3":{"start":{"line":13,"column":54},"end":{"line":13,"column":null}},"4":{"start":{"line":13,"column":64},"end":{"line":15,"column":2}},"5":{"start":{"line":19,"column":13},"end":{"line":19,"column":43}},"6":{"start":{"line":20,"column":0},"end":{"line":23,"column":2}}},"fnMap":{"0":{"name":"(anonymous_3)","decl":{"start":{"line":13,"column":54},"end":{"line":13,"column":55}},"loc":{"start":{"line":13,"column":59},"end":{"line":13,"column":null}}}},"branchMap":{},"s":{"0":0,"1":0,"2":0,"3":0,"4":0,"5":0,"6":0},"f":{"0":0},"b":{}}
,"/home/narec/VSCode/react-learning/Naresh_LDP/minit-react-learning/src/components/atoms/MiniteAvatar/index.tsx": {"path":"/home/narec/VSCode/react-learning/Naresh_LDP/minit-react-learning/src/components/atoms/MiniteAvatar/index.tsx","statementMap":{"0":{"start":{"line":1,"column":0},"end":{"line":1,"column":46}},"1":{"start":{"line":10,"column":44},"end":{"line":19,"column":1}},"2":{"start":{"line":10,"column":55},"end":{"line":10,"column":57}},"3":{"start":{"line":10,"column":57},"end":{"line":10,"column":64}},"4":{"start":{"line":10,"column":64},"end":{"line":10,"column":77}},"5":{"start":{"line":10,"column":77},"end":{"line":10,"column":81}},"6":{"start":{"line":10,"column":81},"end":{"line":10,"column":88}},"7":{"start":{"line":11,"column":2},"end":{"line":17,"column":null}},"8":{"start":{"line":21,"column":0},"end":{"line":21,"column":28}}},"fnMap":{"0":{"name":"(anonymous_2)","decl":{"start":{"line":10,"column":44},"end":{"line":10,"column":45}},"loc":{"start":{"line":10,"column":88},"end":{"line":19,"column":1}}}},"branchMap":{"0":{"loc":{"start":{"line":10,"column":64},"end":{"line":10,"column":77}},"type":"cond-expr","locations":[{"start":{"line":10,"column":67},"end":{"line":10,"column":75}},{"start":{"line":10,"column":75},"end":{"line":10,"column":77}}]},"1":{"loc":{"start":{"line":10,"column":81},"end":{"line":10,"column":88}},"type":"cond-expr","locations":[{"start":{"line":10,"column":84},"end":{"line":10,"column":86}},{"start":{"line":10,"column":86},"end":{"line":10,"column":88}}]}},"s":{"0":2,"1":2,"2":2,"3":2,"4":2,"5":2,"6":2,"7":2,"8":2},"f":{"0":2},"b":{"0":[1,1],"1":[1,1]}}
,"/home/narec/VSCode/react-learning/Naresh_LDP/minit-react-learning/src/components/atoms/MiniteButton/index.stories.tsx": {"path":"/home/narec/VSCode/react-learning/Naresh_LDP/minit-react-learning/src/components/atoms/MiniteButton/index.stories.tsx","statementMap":{"0":{"start":{"line":2,"column":0},"end":{"line":2,"column":35}},"1":{"start":{"line":4,"column":0},"end":{"line":4,"column":37}},"2":{"start":{"line":6,"column":0},"end":{"line":6,"column":51}},"3":{"start":{"line":8,"column":40},"end":{"line":10,"column":2}},"4":{"start":{"line":12,"column":9},"end":{"line":12,"column":null}},"5":{"start":{"line":16,"column":23},"end":{"line":19,"column":3}},"6":{"start":{"line":17,"column":4},"end":{"line":17,"column":29}},"7":{"start":{"line":18,"column":4},"end":{"line":18,"column":23}},"8":{"start":{"line":21,"column":2},"end":{"line":28,"column":4}},"9":{"start":{"line":30,"column":56},"end":{"line":30,"column":null}},"10":{"start":{"line":30,"column":66},"end":{"line":32,"column":4}},"11":{"start":{"line":34,"column":15},"end":{"line":34,"column":43}},"12":{"start":{"line":35,"column":2},"end":{"line":42,"column":4}},"13":{"start":{"line":45,"column":15},"end":{"line":45,"column":45}},"14":{"start":{"line":46,"column":2},"end":{"line":53,"column":4}},"15":{"start":{"line":55,"column":15},"end":{"line":55,"column":44}},"16":{"start":{"line":56,"column":2},"end":{"line":63,"column":4}}},"fnMap":{"0":{"name":"(anonymous_3)","decl":{"start":{"line":16,"column":23},"end":{"line":16,"column":null}},"loc":{"start":{"line":16,"column":23},"end":{"line":19,"column":3}}},"1":{"name":"(anonymous_4)","decl":{"start":{"line":30,"column":56},"end":{"line":30,"column":57}},"loc":{"start":{"line":30,"column":61},"end":{"line":30,"column":null}}}},"branchMap":{},"s":{"0":0,"1":0,"2":0,"3":0,"4":0,"5":0,"6":0,"7":0,"8":0,"9":0,"10":0,"11":0,"12":0,"13":0,"14":0,"15":0,"16":0},"f":{"0":0,"1":0},"b":{}}
,"/home/narec/VSCode/react-learning/Naresh_LDP/minit-react-learning/src/components/atoms/MiniteButton/index.tsx": {"path":"/home/narec/VSCode/react-learning/Naresh_LDP/minit-react-learning/src/components/atoms/MiniteButton/index.tsx","statementMap":{"0":{"start":{"line":2,"column":0},"end":{"line":2,"column":42}},"1":{"start":{"line":15,"column":44},"end":{"line":21,"column":1}},"2":{"start":{"line":15,"column":54},"end":{"line":15,"column":56}},"3":{"start":{"line":15,"column":63},"end":{"line":15,"column":65}},"4":{"start":{"line":15,"column":72},"end":{"line":15,"column":74}},"5":{"start":{"line":15,"column":82},"end":{"line":15,"column":84}},"6":{"start":{"line":15,"column":88},"end":{"line":15,"column":89}},"7":{"start":{"line":16,"column":2},"end":{"line":20,"column":4}},"8":{"start":{"line":23,"column":0},"end":{"line":23,"column":28}}},"fnMap":{"0":{"name":"(anonymous_3)","decl":{"start":{"line":15,"column":44},"end":{"line":15,"column":45}},"loc":{"start":{"line":15,"column":89},"end":{"line":21,"column":1}}}},"branchMap":{},"s":{"0":2,"1":2,"2":4,"3":4,"4":4,"5":4,"6":4,"7":4,"8":2},"f":{"0":4},"b":{}}
,"/home/narec/VSCode/react-learning/Naresh_LDP/minit-react-learning/src/components/atoms/MiniteIcon/index.stories.tsx": {"path":"/home/narec/VSCode/react-learning/Naresh_LDP/minit-react-learning/src/components/atoms/MiniteIcon/index.stories.tsx","statementMap":{"0":{"start":{"line":1,"column":0},"end":{"line":1,"column":27}},"1":{"start":{"line":5,"column":0},"end":{"line":12,"column":2}},"2":{"start":{"line":14,"column":52},"end":{"line":14,"column":null}},"3":{"start":{"line":14,"column":62},"end":{"line":16,"column":2}},"4":{"start":{"line":18,"column":20},"end":{"line":21,"column":1}},"5":{"start":{"line":19,"column":2},"end":{"line":19,"column":27}},"6":{"start":{"line":20,"column":2},"end":{"line":20,"column":19}},"7":{"start":{"line":25,"column":13},"end":{"line":25,"column":41}},"8":{"start":{"line":26,"column":0},"end":{"line":28,"column":2}},"9":{"start":{"line":31,"column":13},"end":{"line":31,"column":43}},"10":{"start":{"line":32,"column":0},"end":{"line":38,"column":2}}},"fnMap":{"0":{"name":"(anonymous_3)","decl":{"start":{"line":14,"column":52},"end":{"line":14,"column":53}},"loc":{"start":{"line":14,"column":57},"end":{"line":14,"column":null}}},"1":{"name":"(anonymous_4)","decl":{"start":{"line":18,"column":20},"end":{"line":18,"column":null}},"loc":{"start":{"line":18,"column":20},"end":{"line":21,"column":1}}}},"branchMap":{},"s":{"0":0,"1":0,"2":0,"3":0,"4":0,"5":0,"6":0,"7":0,"8":0,"9":0,"10":0},"f":{"0":0,"1":0},"b":{}}
,"/home/narec/VSCode/react-learning/Naresh_LDP/minit-react-learning/src/components/atoms/MiniteIcon/index.tsx": {"path":"/home/narec/VSCode/react-learning/Naresh_LDP/minit-react-learning/src/components/atoms/MiniteIcon/index.tsx","statementMap":{"0":{"start":{"line":2,"column":0},"end":{"line":2,"column":66}},"1":{"start":{"line":10,"column":46},"end":{"line":16,"column":1}},"2":{"start":{"line":10,"column":57},"end":{"line":10,"column":58}},"3":{"start":{"line":10,"column":65},"end":{"line":10,"column":70}},"4":{"start":{"line":10,"column":74},"end":{"line":10,"column":null}},"5":{"start":{"line":11,"column":2},"end":{"line":15,"column":4}},"6":{"start":{"line":18,"column":0},"end":{"line":18,"column":26}}},"fnMap":{"0":{"name":"(anonymous_3)","decl":{"start":{"line":10,"column":46},"end":{"line":10,"column":47}},"loc":{"start":{"line":10,"column":76},"end":{"line":16,"column":1}}}},"branchMap":{},"s":{"0":0,"1":0,"2":0,"3":0,"4":0,"5":0,"6":0},"f":{"0":0},"b":{}}
,"/home/narec/VSCode/react-learning/Naresh_LDP/minit-react-learning/src/components/atoms/MiniteIconButton/index.stories.tsx": {"path":"/home/narec/VSCode/react-learning/Naresh_LDP/minit-react-learning/src/components/atoms/MiniteIconButton/index.stories.tsx","statementMap":{"0":{"start":{"line":1,"column":0},"end":{"line":1,"column":33}},"1":{"start":{"line":3,"column":0},"end":{"line":3,"column":64}},"2":{"start":{"line":4,"column":0},"end":{"line":11,"column":2}},"3":{"start":{"line":13,"column":58},"end":{"line":13,"column":null}},"4":{"start":{"line":13,"column":68},"end":{"line":15,"column":2}},"5":{"start":{"line":19,"column":13},"end":{"line":19,"column":43}},"6":{"start":{"line":20,"column":0},"end":{"line":25,"column":2}}},"fnMap":{"0":{"name":"(anonymous_3)","decl":{"start":{"line":13,"column":58},"end":{"line":13,"column":59}},"loc":{"start":{"line":13,"column":63},"end":{"line":13,"column":null}}}},"branchMap":{},"s":{"0":0,"1":0,"2":0,"3":0,"4":0,"5":0,"6":0},"f":{"0":0},"b":{}}
,"/home/narec/VSCode/react-learning/Naresh_LDP/minit-react-learning/src/components/atoms/MiniteIconButton/index.tsx": {"path":"/home/narec/VSCode/react-learning/Naresh_LDP/minit-react-learning/src/components/atoms/MiniteIconButton/index.tsx","statementMap":{"0":{"start":{"line":1,"column":0},"end":{"line":1,"column":51}},"1":{"start":{"line":3,"column":0},"end":{"line":3,"column":33}},"2":{"start":{"line":13,"column":58},"end":{"line":22,"column":1}},"3":{"start":{"line":13,"column":65},"end":{"line":13,"column":66}},"4":{"start":{"line":13,"column":73},"end":{"line":13,"column":75}},"5":{"start":{"line":13,"column":81},"end":{"line":13,"column":82}},"6":{"start":{"line":13,"column":87},"end":{"line":13,"column":89}},"7":{"start":{"line":14,"column":2},"end":{"line":21,"column":4}},"8":{"start":{"line":24,"column":0},"end":{"line":24,"column":32}}},"fnMap":{"0":{"name":"(anonymous_3)","decl":{"start":{"line":13,"column":58},"end":{"line":13,"column":59}},"loc":{"start":{"line":13,"column":89},"end":{"line":22,"column":1}}}},"branchMap":{},"s":{"0":2,"1":2,"2":2,"3":7,"4":7,"5":7,"6":7,"7":7,"8":2},"f":{"0":7},"b":{}}
,"/home/narec/VSCode/react-learning/Naresh_LDP/minit-react-learning/src/components/atoms/MiniteSlider/index.stories.tsx": {"path":"/home/narec/VSCode/react-learning/Naresh_LDP/minit-react-learning/src/components/atoms/MiniteSlider/index.stories.tsx","statementMap":{"0":{"start":{"line":1,"column":0},"end":{"line":1,"column":29}},"1":{"start":{"line":3,"column":0},"end":{"line":10,"column":2}},"2":{"start":{"line":12,"column":54},"end":{"line":12,"column":null}},"3":{"start":{"line":12,"column":64},"end":{"line":14,"column":2}},"4":{"start":{"line":16,"column":13},"end":{"line":16,"column":41}},"5":{"start":{"line":17,"column":0},"end":{"line":23,"column":2}},"6":{"start":{"line":26,"column":13},"end":{"line":26,"column":43}},"7":{"start":{"line":27,"column":0},"end":{"line":29,"column":2}}},"fnMap":{"0":{"name":"(anonymous_3)","decl":{"start":{"line":12,"column":54},"end":{"line":12,"column":55}},"loc":{"start":{"line":12,"column":59},"end":{"line":12,"column":null}}}},"branchMap":{},"s":{"0":0,"1":0,"2":0,"3":0,"4":0,"5":0,"6":0,"7":0},"f":{"0":0},"b":{}}
,"/home/narec/VSCode/react-learning/Naresh_LDP/minit-react-learning/src/components/atoms/MiniteSlider/index.tsx": {"path":"/home/narec/VSCode/react-learning/Naresh_LDP/minit-react-learning/src/components/atoms/MiniteSlider/index.tsx","statementMap":{"0":{"start":{"line":3,"column":0},"end":{"line":3,"column":35}},"1":{"start":{"line":4,"column":0},"end":{"line":4,"column":42}},"2":{"start":{"line":18,"column":49},"end":{"line":24,"column":1}},"3":{"start":{"line":18,"column":69},"end":{"line":18,"column":70}},"4":{"start":{"line":18,"column":82},"end":{"line":18,"column":83}},"5":{"start":{"line":18,"column":94},"end":{"line":18,"column":95}},"6":{"start":{"line":18,"column":100},"end":{"line":18,"column":101}},"7":{"start":{"line":18,"column":113},"end":{"line":18,"column":114}},"8":{"start":{"line":18,"column":126},"end":{"line":18,"column":127}},"9":{"start":{"line":19,"column":2},"end":{"line":23,"column":4}},"10":{"start":{"line":26,"column":0},"end":{"line":26,"column":28}}},"fnMap":{"0":{"name":"(anonymous_3)","decl":{"start":{"line":18,"column":49},"end":{"line":18,"column":50}},"loc":{"start":{"line":18,"column":127},"end":{"line":24,"column":1}}}},"branchMap":{},"s":{"0":2,"1":2,"2":2,"3":2,"4":2,"5":2,"6":2,"7":2,"8":2,"9":2,"10":2},"f":{"0":2},"b":{}}
,"/home/narec/VSCode/react-learning/Naresh_LDP/minit-react-learning/src/components/atoms/MiniteSquarebox/index.stories.tsx": {"path":"/home/narec/VSCode/react-learning/Naresh_LDP/minit-react-learning/src/components/atoms/MiniteSquarebox/index.stories.tsx","statementMap":{"0":{"start":{"line":1,"column":0},"end":{"line":1,"column":32}},"1":{"start":{"line":3,"column":0},"end":{"line":10,"column":2}},"2":{"start":{"line":11,"column":18},"end":{"line":13,"column":1}},"3":{"start":{"line":12,"column":4},"end":{"line":12,"column":20}},"4":{"start":{"line":15,"column":57},"end":{"line":15,"column":null}},"5":{"start":{"line":15,"column":67},"end":{"line":17,"column":2}},"6":{"start":{"line":19,"column":13},"end":{"line":19,"column":41}},"7":{"start":{"line":20,"column":0},"end":{"line":25,"column":2}},"8":{"start":{"line":28,"column":13},"end":{"line":28,"column":43}},"9":{"start":{"line":29,"column":0},"end":{"line":35,"column":2}}},"fnMap":{"0":{"name":"(anonymous_3)","decl":{"start":{"line":11,"column":18},"end":{"line":11,"column":null}},"loc":{"start":{"line":11,"column":18},"end":{"line":13,"column":1}}},"1":{"name":"(anonymous_4)","decl":{"start":{"line":15,"column":57},"end":{"line":15,"column":58}},"loc":{"start":{"line":15,"column":62},"end":{"line":15,"column":null}}}},"branchMap":{},"s":{"0":0,"1":0,"2":0,"3":0,"4":0,"5":0,"6":0,"7":0,"8":0,"9":0},"f":{"0":0,"1":0},"b":{}}
,"/home/narec/VSCode/react-learning/Naresh_LDP/minit-react-learning/src/components/atoms/MiniteSquarebox/index.tsx": {"path":"/home/narec/VSCode/react-learning/Naresh_LDP/minit-react-learning/src/components/atoms/MiniteSquarebox/index.tsx","statementMap":{"0":{"start":{"line":2,"column":0},"end":{"line":2,"column":70}},"1":{"start":{"line":15,"column":56},"end":{"line":34,"column":1}},"2":{"start":{"line":16,"column":6},"end":{"line":16,"column":null}},"3":{"start":{"line":17,"column":9},"end":{"line":17,"column":null}},"4":{"start":{"line":18,"column":13},"end":{"line":18,"column":null}},"5":{"start":{"line":19,"column":11},"end":{"line":19,"column":null}},"6":{"start":{"line":25,"column":2},"end":{"line":33,"column":null}},"7":{"start":{"line":36,"column":0},"end":{"line":36,"column":null}}},"fnMap":{"0":{"name":"(anonymous_3)","decl":{"start":{"line":15,"column":56},"end":{"line":15,"column":57}},"loc":{"start":{"line":20,"column":1},"end":{"line":34,"column":1}}}},"branchMap":{},"s":{"0":2,"1":2,"2":7,"3":7,"4":7,"5":7,"6":7,"7":2},"f":{"0":7},"b":{}}
,"/home/narec/VSCode/react-learning/Naresh_LDP/minit-react-learning/src/components/atoms/MiniteTypography/index.stories.tsx": {"path":"/home/narec/VSCode/react-learning/Naresh_LDP/minit-react-learning/src/components/atoms/MiniteTypography/index.stories.tsx","statementMap":{"0":{"start":{"line":1,"column":0},"end":{"line":1,"column":33}},"1":{"start":{"line":3,"column":0},"end":{"line":10,"column":2}},"2":{"start":{"line":12,"column":58},"end":{"line":12,"column":null}},"3":{"start":{"line":12,"column":68},"end":{"line":14,"column":2}},"4":{"start":{"line":16,"column":13},"end":{"line":16,"column":41}},"5":{"start":{"line":17,"column":0},"end":{"line":20,"column":2}},"6":{"start":{"line":23,"column":13},"end":{"line":23,"column":43}},"7":{"start":{"line":24,"column":0},"end":{"line":27,"column":2}}},"fnMap":{"0":{"name":"(anonymous_3)","decl":{"start":{"line":12,"column":58},"end":{"line":12,"column":59}},"loc":{"start":{"line":12,"column":63},"end":{"line":12,"column":null}}}},"branchMap":{},"s":{"0":0,"1":0,"2":0,"3":0,"4":0,"5":0,"6":0,"7":0},"f":{"0":0},"b":{}}
,"/home/narec/VSCode/react-learning/Naresh_LDP/minit-react-learning/src/components/atoms/MiniteTypography/index.tsx": {"path":"/home/narec/VSCode/react-learning/Naresh_LDP/minit-react-learning/src/components/atoms/MiniteTypography/index.tsx","statementMap":{"0":{"start":{"line":2,"column":0},"end":{"line":2,"column":70}},"1":{"start":{"line":8,"column":52},"end":{"line":18,"column":1}},"2":{"start":{"line":9,"column":10},"end":{"line":9,"column":null}},"3":{"start":{"line":10,"column":9},"end":{"line":10,"column":null}},"4":{"start":{"line":11,"column":10},"end":{"line":12,"column":null}},"5":{"start":{"line":13,"column":2},"end":{"line":17,"column":null}},"6":{"start":{"line":20,"column":0},"end":{"line":20,"column":null}}},"fnMap":{"0":{"name":"(anonymous_4)","decl":{"start":{"line":8,"column":52},"end":{"line":8,"column":53}},"loc":{"start":{"line":12,"column":1},"end":{"line":18,"column":1}}}},"branchMap":{},"s":{"0":2,"1":2,"2":52,"3":52,"4":52,"5":52,"6":2},"f":{"0":52},"b":{}}
,"/home/narec/VSCode/react-learning/Naresh_LDP/minit-react-learning/src/components/atoms/MuiIcon/index.stories.tsx": {"path":"/home/narec/VSCode/react-learning/Naresh_LDP/minit-react-learning/src/components/atoms/MuiIcon/index.stories.tsx","statementMap":{"0":{"start":{"line":2,"column":0},"end":{"line":2,"column":24}},"1":{"start":{"line":4,"column":0},"end":{"line":4,"column":60}},"2":{"start":{"line":5,"column":0},"end":{"line":12,"column":2}},"3":{"start":{"line":14,"column":49},"end":{"line":14,"column":null}},"4":{"start":{"line":14,"column":59},"end":{"line":16,"column":2}},"5":{"start":{"line":20,"column":13},"end":{"line":20,"column":43}},"6":{"start":{"line":21,"column":0},"end":{"line":25,"column":2}}},"fnMap":{"0":{"name":"(anonymous_3)","decl":{"start":{"line":14,"column":49},"end":{"line":14,"column":50}},"loc":{"start":{"line":14,"column":54},"end":{"line":14,"column":null}}}},"branchMap":{},"s":{"0":0,"1":0,"2":0,"3":0,"4":0,"5":0,"6":0},"f":{"0":0},"b":{}}
,"/home/narec/VSCode/react-learning/Naresh_LDP/minit-react-learning/src/components/atoms/MuiIcon/index.tsx": {"path":"/home/narec/VSCode/react-learning/Naresh_LDP/minit-react-learning/src/components/atoms/MuiIcon/index.tsx","statementMap":{"0":{"start":{"line":13,"column":51},"end":{"line":14,"column":5}},"1":{"start":{"line":13,"column":57},"end":{"line":13,"column":58}},"2":{"start":{"line":13,"column":64},"end":{"line":13,"column":65}},"3":{"start":{"line":13,"column":70},"end":{"line":13,"column":71}},"4":{"start":{"line":13,"column":78},"end":{"line":13,"column":80}},"5":{"start":{"line":14,"column":0},"end":{"line":14,"column":null}},"6":{"start":{"line":16,"column":0},"end":{"line":16,"column":23}}},"fnMap":{"0":{"name":"(anonymous_0)","decl":{"start":{"line":13,"column":51},"end":{"line":13,"column":52}},"loc":{"start":{"line":13,"column":80},"end":{"line":14,"column":5}}}},"branchMap":{},"s":{"0":3,"1":23,"2":23,"3":23,"4":23,"5":23,"6":3},"f":{"0":23},"b":{}}
,"/home/narec/VSCode/react-learning/Naresh_LDP/minit-react-learning/src/components/molecules/Amountdetails/index.stories.tsx": {"path":"/home/narec/VSCode/react-learning/Naresh_LDP/minit-react-learning/src/components/molecules/Amountdetails/index.stories.tsx","statementMap":{"0":{"start":{"line":1,"column":0},"end":{"line":1,"column":30}},"1":{"start":{"line":4,"column":0},"end":{"line":11,"column":2}},"2":{"start":{"line":13,"column":55},"end":{"line":13,"column":null}},"3":{"start":{"line":13,"column":65},"end":{"line":15,"column":2}},"4":{"start":{"line":19,"column":13},"end":{"line":19,"column":41}},"5":{"start":{"line":20,"column":0},"end":{"line":23,"column":2}}},"fnMap":{"0":{"name":"(anonymous_3)","decl":{"start":{"line":13,"column":55},"end":{"line":13,"column":56}},"loc":{"start":{"line":13,"column":60},"end":{"line":13,"column":null}}}},"branchMap":{},"s":{"0":0,"1":0,"2":0,"3":0,"4":0,"5":0},"f":{"0":0},"b":{}}
,"/home/narec/VSCode/react-learning/Naresh_LDP/minit-react-learning/src/components/molecules/Amountdetails/index.tsx": {"path":"/home/narec/VSCode/react-learning/Naresh_LDP/minit-react-learning/src/components/molecules/Amountdetails/index.tsx","statementMap":{"0":{"start":{"line":1,"column":0},"end":{"line":1,"column":43}},"1":{"start":{"line":3,"column":0},"end":{"line":3,"column":51}},"2":{"start":{"line":4,"column":0},"end":{"line":4,"column":53}},"3":{"start":{"line":5,"column":0},"end":{"line":5,"column":51}},"4":{"start":{"line":6,"column":0},"end":{"line":6,"column":59}},"5":{"start":{"line":7,"column":0},"end":{"line":7,"column":54}},"6":{"start":{"line":14,"column":19},"end":{"line":16,"column":1}},"7":{"start":{"line":15,"column":2},"end":{"line":15,"column":26}},"8":{"start":{"line":18,"column":52},"end":{"line":63,"column":1}},"9":{"start":{"line":19,"column":7},"end":{"line":19,"column":null}},"10":{"start":{"line":20,"column":8},"end":{"line":20,"column":null}},"11":{"start":{"line":21,"column":9},"end":{"line":21,"column":null}},"12":{"start":{"line":23,"column":2},"end":{"line":62,"column":null}},"13":{"start":{"line":65,"column":0},"end":{"line":65,"column":null}}},"fnMap":{"0":{"name":"(anonymous_3)","decl":{"start":{"line":14,"column":19},"end":{"line":14,"column":null}},"loc":{"start":{"line":14,"column":19},"end":{"line":16,"column":1}}},"1":{"name":"(anonymous_4)","decl":{"start":{"line":18,"column":52},"end":{"line":18,"column":53}},"loc":{"start":{"line":22,"column":1},"end":{"line":63,"column":1}}}},"branchMap":{},"s":{"0":1,"1":1,"2":1,"3":1,"4":1,"5":1,"6":1,"7":0,"8":1,"9":0,"10":0,"11":0,"12":0,"13":1},"f":{"0":0,"1":0},"b":{}}
,"/home/narec/VSCode/react-learning/Naresh_LDP/minit-react-learning/src/components/molecules/CheckoutSuccess/index.tsx": {"path":"/home/narec/VSCode/react-learning/Naresh_LDP/minit-react-learning/src/components/molecules/CheckoutSuccess/index.tsx","statementMap":{"0":{"start":{"line":1,"column":0},"end":{"line":1,"column":44}},"1":{"start":{"line":3,"column":0},"end":{"line":3,"column":42}},"2":{"start":{"line":4,"column":0},"end":{"line":4,"column":52}},"3":{"start":{"line":5,"column":0},"end":{"line":5,"column":60}},"4":{"start":{"line":6,"column":0},"end":{"line":6,"column":60}},"5":{"start":{"line":7,"column":0},"end":{"line":7,"column":56}},"6":{"start":{"line":15,"column":23},"end":{"line":18,"column":3}},"7":{"start":{"line":16,"column":4},"end":{"line":16,"column":29}},"8":{"start":{"line":17,"column":4},"end":{"line":17,"column":23}},"9":{"start":{"line":20,"column":56},"end":{"line":47,"column":1}},"10":{"start":{"line":20,"column":65},"end":{"line":20,"column":66}},"11":{"start":{"line":20,"column":71},"end":{"line":20,"column":72}},"12":{"start":{"line":20,"column":82},"end":{"line":20,"column":83}},"13":{"start":{"line":20,"column":90},"end":{"line":20,"column":91}},"14":{"start":{"line":23,"column":2},"end":{"line":46,"column":4}},"15":{"start":{"line":49,"column":0},"end":{"line":49,"column":null}}},"fnMap":{"0":{"name":"(anonymous_3)","decl":{"start":{"line":15,"column":23},"end":{"line":15,"column":null}},"loc":{"start":{"line":15,"column":23},"end":{"line":18,"column":3}}},"1":{"name":"(anonymous_4)","decl":{"start":{"line":20,"column":56},"end":{"line":20,"column":58}},"loc":{"start":{"line":20,"column":91},"end":{"line":47,"column":1}}}},"branchMap":{},"s":{"0":1,"1":1,"2":1,"3":1,"4":1,"5":1,"6":1,"7":0,"8":0,"9":1,"10":0,"11":0,"12":0,"13":0,"14":0,"15":1},"f":{"0":0,"1":0},"b":{}}
,"/home/narec/VSCode/react-learning/Naresh_LDP/minit-react-learning/src/components/molecules/ChooseCryptocard/index.stories.tsx": {"path":"/home/narec/VSCode/react-learning/Naresh_LDP/minit-react-learning/src/components/molecules/ChooseCryptocard/index.stories.tsx","statementMap":{"0":{"start":{"line":1,"column":0},"end":{"line":1,"column":33}},"1":{"start":{"line":5,"column":0},"end":{"line":12,"column":2}},"2":{"start":{"line":14,"column":58},"end":{"line":14,"column":null}},"3":{"start":{"line":14,"column":68},"end":{"line":16,"column":2}},"4":{"start":{"line":20,"column":13},"end":{"line":20,"column":43}},"5":{"start":{"line":21,"column":0},"end":{"line":25,"column":2}}},"fnMap":{"0":{"name":"(anonymous_3)","decl":{"start":{"line":14,"column":58},"end":{"line":14,"column":59}},"loc":{"start":{"line":14,"column":63},"end":{"line":14,"column":null}}}},"branchMap":{},"s":{"0":0,"1":0,"2":0,"3":0,"4":0,"5":0},"f":{"0":0},"b":{}}
,"/home/narec/VSCode/react-learning/Naresh_LDP/minit-react-learning/src/components/molecules/ChooseCryptocard/index.tsx": {"path":"/home/narec/VSCode/react-learning/Naresh_LDP/minit-react-learning/src/components/molecules/ChooseCryptocard/index.tsx","statementMap":{"0":{"start":{"line":1,"column":0},"end":{"line":1,"column":37}},"1":{"start":{"line":3,"column":0},"end":{"line":3,"column":47}},"2":{"start":{"line":4,"column":0},"end":{"line":4,"column":60}},"3":{"start":{"line":5,"column":0},"end":{"line":5,"column":62}},"4":{"start":{"line":6,"column":0},"end":{"line":6,"column":61}},"5":{"start":{"line":7,"column":0},"end":{"line":7,"column":59}},"6":{"start":{"line":8,"column":0},"end":{"line":8,"column":61}},"7":{"start":{"line":9,"column":0},"end":{"line":9,"column":53}},"8":{"start":{"line":10,"column":0},"end":{"line":10,"column":63}},"9":{"start":{"line":11,"column":0},"end":{"line":11,"column":62}},"10":{"start":{"line":12,"column":0},"end":{"line":12,"column":54}},"11":{"start":{"line":21,"column":24},"end":{"line":26,"column":2}},"12":{"start":{"line":28,"column":24},"end":{"line":33,"column":2}},"13":{"start":{"line":35,"column":47},"end":{"line":51,"column":1}},"14":{"start":{"line":35,"column":56},"end":{"line":35,"column":57}},"15":{"start":{"line":35,"column":62},"end":{"line":35,"column":63}},"16":{"start":{"line":35,"column":67},"end":{"line":35,"column":68}},"17":{"start":{"line":37,"column":2},"end":{"line":50,"column":4}},"18":{"start":{"line":44,"column":47},"end":{"line":44,"column":72}},"19":{"start":{"line":47,"column":49},"end":{"line":47,"column":74}},"20":{"start":{"line":53,"column":0},"end":{"line":53,"column":null}}},"fnMap":{"0":{"name":"(anonymous_3)","decl":{"start":{"line":35,"column":47},"end":{"line":35,"column":49}},"loc":{"start":{"line":35,"column":68},"end":{"line":51,"column":1}}},"1":{"name":"(anonymous_4)","decl":{"start":{"line":44,"column":26},"end":{"line":44,"column":27}},"loc":{"start":{"line":44,"column":42},"end":{"line":44,"column":48}}},"2":{"name":"(anonymous_5)","decl":{"start":{"line":47,"column":28},"end":{"line":47,"column":29}},"loc":{"start":{"line":47,"column":44},"end":{"line":47,"column":50}}}},"branchMap":{},"s":{"0":1,"1":1,"2":1,"3":1,"4":1,"5":1,"6":1,"7":1,"8":1,"9":1,"10":1,"11":1,"12":1,"13":1,"14":0,"15":0,"16":0,"17":0,"18":0,"19":0,"20":1},"f":{"0":0,"1":0,"2":0},"b":{}}
,"/home/narec/VSCode/react-learning/Naresh_LDP/minit-react-learning/src/components/molecules/CryptoCardMenu/index.stories.tsx": {"path":"/home/narec/VSCode/react-learning/Naresh_LDP/minit-react-learning/src/components/molecules/CryptoCardMenu/index.stories.tsx","statementMap":{"0":{"start":{"line":1,"column":0},"end":{"line":1,"column":31}},"1":{"start":{"line":3,"column":0},"end":{"line":3,"column":60}},"2":{"start":{"line":5,"column":0},"end":{"line":12,"column":2}},"3":{"start":{"line":14,"column":56},"end":{"line":14,"column":null}},"4":{"start":{"line":14,"column":66},"end":{"line":16,"column":2}},"5":{"start":{"line":20,"column":13},"end":{"line":20,"column":43}},"6":{"start":{"line":21,"column":0},"end":{"line":27,"column":2}}},"fnMap":{"0":{"name":"(anonymous_3)","decl":{"start":{"line":14,"column":56},"end":{"line":14,"column":57}},"loc":{"start":{"line":14,"column":61},"end":{"line":14,"column":null}}}},"branchMap":{},"s":{"0":0,"1":0,"2":0,"3":0,"4":0,"5":0,"6":0},"f":{"0":0},"b":{}}
,"/home/narec/VSCode/react-learning/Naresh_LDP/minit-react-learning/src/components/molecules/CryptoCardMenu/index.tsx": {"path":"/home/narec/VSCode/react-learning/Naresh_LDP/minit-react-learning/src/components/molecules/CryptoCardMenu/index.tsx","statementMap":{"0":{"start":{"line":1,"column":0},"end":{"line":1,"column":44}},"1":{"start":{"line":3,"column":0},"end":{"line":3,"column":42}},"2":{"start":{"line":4,"column":0},"end":{"line":4,"column":54}},"3":{"start":{"line":14,"column":54},"end":{"line":37,"column":1}},"4":{"start":{"line":14,"column":63},"end":{"line":14,"column":64}},"5":{"start":{"line":14,"column":69},"end":{"line":14,"column":70}},"6":{"start":{"line":14,"column":82},"end":{"line":14,"column":83}},"7":{"start":{"line":14,"column":89},"end":{"line":14,"column":90}},"8":{"start":{"line":14,"column":93},"end":{"line":14,"column":94}},"9":{"start":{"line":18,"column":3},"end":{"line":18,"column":26}},"10":{"start":{"line":19,"column":3},"end":{"line":19,"column":20}},"11":{"start":{"line":22,"column":2},"end":{"line":36,"column":4}},"12":{"start":{"line":39,"column":0},"end":{"line":39,"column":null}}},"fnMap":{"0":{"name":"(anonymous_3)","decl":{"start":{"line":14,"column":54},"end":{"line":14,"column":56}},"loc":{"start":{"line":14,"column":94},"end":{"line":37,"column":1}}},"1":{"name":"handleNeedHelp","decl":{"start":{"line":17,"column":11},"end":{"line":17,"column":25}},"loc":{"start":{"line":17,"column":25},"end":{"line":20,"column":3}}}},"branchMap":{},"s":{"0":1,"1":1,"2":1,"3":1,"4":0,"5":0,"6":0,"7":0,"8":0,"9":0,"10":0,"11":0,"12":1},"f":{"0":0,"1":0},"b":{}}
,"/home/narec/VSCode/react-learning/Naresh_LDP/minit-react-learning/src/components/molecules/DepositTo/index.stories.tsx": {"path":"/home/narec/VSCode/react-learning/Naresh_LDP/minit-react-learning/src/components/molecules/DepositTo/index.stories.tsx","statementMap":{"0":{"start":{"line":1,"column":0},"end":{"line":1,"column":26}},"1":{"start":{"line":3,"column":0},"end":{"line":3,"column":60}},"2":{"start":{"line":4,"column":0},"end":{"line":11,"column":2}},"3":{"start":{"line":13,"column":51},"end":{"line":13,"column":null}},"4":{"start":{"line":13,"column":61},"end":{"line":15,"column":2}},"5":{"start":{"line":19,"column":13},"end":{"line":19,"column":41}},"6":{"start":{"line":20,"column":0},"end":{"line":25,"column":2}}},"fnMap":{"0":{"name":"(anonymous_3)","decl":{"start":{"line":13,"column":51},"end":{"line":13,"column":52}},"loc":{"start":{"line":13,"column":56},"end":{"line":13,"column":null}}}},"branchMap":{},"s":{"0":0,"1":0,"2":0,"3":0,"4":0,"5":0,"6":0},"f":{"0":0},"b":{}}
,"/home/narec/VSCode/react-learning/Naresh_LDP/minit-react-learning/src/components/molecules/DepositTo/index.tsx": {"path":"/home/narec/VSCode/react-learning/Naresh_LDP/minit-react-learning/src/components/molecules/DepositTo/index.tsx","statementMap":{"0":{"start":{"line":3,"column":0},"end":{"line":3,"column":41}},"1":{"start":{"line":4,"column":0},"end":{"line":4,"column":53}},"2":{"start":{"line":5,"column":0},"end":{"line":5,"column":43}},"3":{"start":{"line":6,"column":0},"end":{"line":6,"column":50}},"4":{"start":{"line":14,"column":44},"end":{"line":39,"column":1}},"5":{"start":{"line":15,"column":9},"end":{"line":15,"column":null}},"6":{"start":{"line":16,"column":8},"end":{"line":16,"column":null}},"7":{"start":{"line":17,"column":7},"end":{"line":17,"column":null}},"8":{"start":{"line":19,"column":2},"end":{"line":38,"column":null}},"9":{"start":{"line":41,"column":0},"end":{"line":41,"column":null}}},"fnMap":{"0":{"name":"(anonymous_3)","decl":{"start":{"line":14,"column":44},"end":{"line":14,"column":45}},"loc":{"start":{"line":18,"column":1},"end":{"line":39,"column":1}}}},"branchMap":{},"s":{"0":1,"1":1,"2":1,"3":1,"4":1,"5":0,"6":0,"7":0,"8":0,"9":1},"f":{"0":0},"b":{}}
,"/home/narec/VSCode/react-learning/Naresh_LDP/minit-react-learning/src/components/molecules/MyportfolioValue/index.stories.tsx": {"path":"/home/narec/VSCode/react-learning/Naresh_LDP/minit-react-learning/src/components/molecules/MyportfolioValue/index.stories.tsx","statementMap":{"0":{"start":{"line":1,"column":0},"end":{"line":1,"column":33}},"1":{"start":{"line":3,"column":0},"end":{"line":3,"column":60}},"2":{"start":{"line":5,"column":0},"end":{"line":12,"column":2}},"3":{"start":{"line":14,"column":58},"end":{"line":14,"column":null}},"4":{"start":{"line":14,"column":68},"end":{"line":16,"column":2}},"5":{"start":{"line":20,"column":13},"end":{"line":20,"column":43}},"6":{"start":{"line":21,"column":0},"end":{"line":27,"column":2}}},"fnMap":{"0":{"name":"(anonymous_3)","decl":{"start":{"line":14,"column":58},"end":{"line":14,"column":59}},"loc":{"start":{"line":14,"column":63},"end":{"line":14,"column":null}}}},"branchMap":{},"s":{"0":0,"1":0,"2":0,"3":0,"4":0,"5":0,"6":0},"f":{"0":0},"b":{}}
,"/home/narec/VSCode/react-learning/Naresh_LDP/minit-react-learning/src/components/molecules/MyportfolioValue/index.tsx": {"path":"/home/narec/VSCode/react-learning/Naresh_LDP/minit-react-learning/src/components/molecules/MyportfolioValue/index.tsx","statementMap":{"0":{"start":{"line":1,"column":0},"end":{"line":1,"column":43}},"1":{"start":{"line":3,"column":0},"end":{"line":3,"column":41}},"2":{"start":{"line":4,"column":0},"end":{"line":4,"column":53}},"3":{"start":{"line":5,"column":0},"end":{"line":5,"column":75}},"4":{"start":{"line":6,"column":0},"end":{"line":6,"column":46}},"5":{"start":{"line":7,"column":0},"end":{"line":7,"column":57}},"6":{"start":{"line":17,"column":58},"end":{"line":78,"column":1}},"7":{"start":{"line":18,"column":8},"end":{"line":18,"column":null}},"8":{"start":{"line":19,"column":7},"end":{"line":19,"column":null}},"9":{"start":{"line":20,"column":14},"end":{"line":20,"column":null}},"10":{"start":{"line":21,"column":8},"end":{"line":21,"column":null}},"11":{"start":{"line":22,"column":5},"end":{"line":22,"column":null}},"12":{"start":{"line":25,"column":4},"end":{"line":25,"column":null}},"13":{"start":{"line":26,"column":4},"end":{"line":26,"column":null}},"14":{"start":{"line":29,"column":2},"end":{"line":77,"column":null}},"15":{"start":{"line":80,"column":0},"end":{"line":80,"column":null}}},"fnMap":{"0":{"name":"(anonymous_3)","decl":{"start":{"line":17,"column":58},"end":{"line":17,"column":59}},"loc":{"start":{"line":23,"column":1},"end":{"line":78,"column":1}}},"1":{"name":"handleNeedHelp","decl":{"start":{"line":24,"column":11},"end":{"line":24,"column":25}},"loc":{"start":{"line":24,"column":25},"end":{"line":27,"column":3}}}},"branchMap":{},"s":{"0":1,"1":1,"2":1,"3":1,"4":1,"5":1,"6":1,"7":1,"8":1,"9":1,"10":1,"11":1,"12":0,"13":0,"14":1,"15":1},"f":{"0":1,"1":0},"b":{}}
,"/home/narec/VSCode/react-learning/Naresh_LDP/minit-react-learning/src/components/molecules/OredrSummary/index.stories.tsx": {"path":"/home/narec/VSCode/react-learning/Naresh_LDP/minit-react-learning/src/components/molecules/OredrSummary/index.stories.tsx","statementMap":{"0":{"start":{"line":1,"column":0},"end":{"line":1,"column":29}},"1":{"start":{"line":4,"column":0},"end":{"line":11,"column":2}},"2":{"start":{"line":13,"column":54},"end":{"line":13,"column":null}},"3":{"start":{"line":13,"column":64},"end":{"line":15,"column":2}},"4":{"start":{"line":19,"column":13},"end":{"line":19,"column":41}},"5":{"start":{"line":20,"column":0},"end":{"line":24,"column":2}}},"fnMap":{"0":{"name":"(anonymous_3)","decl":{"start":{"line":13,"column":54},"end":{"line":13,"column":55}},"loc":{"start":{"line":13,"column":59},"end":{"line":13,"column":null}}}},"branchMap":{},"s":{"0":0,"1":0,"2":0,"3":0,"4":0,"5":0},"f":{"0":0},"b":{}}
,"/home/narec/VSCode/react-learning/Naresh_LDP/minit-react-learning/src/components/molecules/OredrSummary/index.tsx": {"path":"/home/narec/VSCode/react-learning/Naresh_LDP/minit-react-learning/src/components/molecules/OredrSummary/index.tsx","statementMap":{"0":{"start":{"line":1,"column":0},"end":{"line":1,"column":49}},"1":{"start":{"line":3,"column":0},"end":{"line":3,"column":41}},"2":{"start":{"line":4,"column":0},"end":{"line":4,"column":51}},"3":{"start":{"line":5,"column":0},"end":{"line":5,"column":71}},"4":{"start":{"line":6,"column":0},"end":{"line":6,"column":61}},"5":{"start":{"line":7,"column":0},"end":{"line":7,"column":63}},"6":{"start":{"line":8,"column":0},"end":{"line":8,"column":53}},"7":{"start":{"line":9,"column":0},"end":{"line":9,"column":55}},"8":{"start":{"line":17,"column":50},"end":{"line":71,"column":1}},"9":{"start":{"line":18,"column":7},"end":{"line":18,"column":null}},"10":{"start":{"line":19,"column":8},"end":{"line":19,"column":null}},"11":{"start":{"line":20,"column":9},"end":{"line":20,"column":null}},"12":{"start":{"line":22,"column":2},"end":{"line":70,"column":null}},"13":{"start":{"line":73,"column":0},"end":{"line":73,"column":null}}},"fnMap":{"0":{"name":"(anonymous_3)","decl":{"start":{"line":17,"column":50},"end":{"line":17,"column":51}},"loc":{"start":{"line":21,"column":1},"end":{"line":71,"column":1}}}},"branchMap":{},"s":{"0":1,"1":1,"2":1,"3":1,"4":1,"5":1,"6":1,"7":1,"8":1,"9":0,"10":0,"11":0,"12":0,"13":1},"f":{"0":0},"b":{}}
,"/home/narec/VSCode/react-learning/Naresh_LDP/minit-react-learning/src/components/molecules/PortpolioMenu/index.stories.tsx": {"path":"/home/narec/VSCode/react-learning/Naresh_LDP/minit-react-learning/src/components/molecules/PortpolioMenu/index.stories.tsx","statementMap":{"0":{"start":{"line":1,"column":0},"end":{"line":1,"column":30}},"1":{"start":{"line":3,"column":0},"end":{"line":3,"column":60}},"2":{"start":{"line":5,"column":0},"end":{"line":12,"column":2}},"3":{"start":{"line":14,"column":55},"end":{"line":14,"column":null}},"4":{"start":{"line":14,"column":65},"end":{"line":16,"column":2}},"5":{"start":{"line":20,"column":13},"end":{"line":20,"column":41}},"6":{"start":{"line":21,"column":0},"end":{"line":29,"column":2}}},"fnMap":{"0":{"name":"(anonymous_3)","decl":{"start":{"line":14,"column":55},"end":{"line":14,"column":56}},"loc":{"start":{"line":14,"column":60},"end":{"line":14,"column":null}}}},"branchMap":{},"s":{"0":0,"1":0,"2":0,"3":0,"4":0,"5":0,"6":0},"f":{"0":0},"b":{}}
,"/home/narec/VSCode/react-learning/Naresh_LDP/minit-react-learning/src/components/molecules/PortpolioMenu/index.tsx": {"path":"/home/narec/VSCode/react-learning/Naresh_LDP/minit-react-learning/src/components/molecules/PortpolioMenu/index.tsx","statementMap":{"0":{"start":{"line":1,"column":0},"end":{"line":1,"column":43}},"1":{"start":{"line":3,"column":0},"end":{"line":3,"column":41}},"2":{"start":{"line":4,"column":0},"end":{"line":4,"column":53}},"3":{"start":{"line":16,"column":52},"end":{"line":69,"column":1}},"4":{"start":{"line":17,"column":8},"end":{"line":17,"column":null}},"5":{"start":{"line":18,"column":7},"end":{"line":18,"column":null}},"6":{"start":{"line":19,"column":14},"end":{"line":19,"column":null}},"7":{"start":{"line":20,"column":8},"end":{"line":20,"column":null}},"8":{"start":{"line":21,"column":5},"end":{"line":21,"column":null}},"9":{"start":{"line":22,"column":6},"end":{"line":22,"column":null}},"10":{"start":{"line":23,"column":11},"end":{"line":23,"column":null}},"11":{"start":{"line":26,"column":4},"end":{"line":26,"column":null}},"12":{"start":{"line":27,"column":4},"end":{"line":27,"column":null}},"13":{"start":{"line":30,"column":2},"end":{"line":68,"column":null}},"14":{"start":{"line":71,"column":0},"end":{"line":71,"column":null}}},"fnMap":{"0":{"name":"(anonymous_3)","decl":{"start":{"line":16,"column":52},"end":{"line":16,"column":53}},"loc":{"start":{"line":24,"column":1},"end":{"line":69,"column":1}}},"1":{"name":"handleNeedHelp","decl":{"start":{"line":25,"column":11},"end":{"line":25,"column":25}},"loc":{"start":{"line":25,"column":25},"end":{"line":28,"column":3}}}},"branchMap":{},"s":{"0":1,"1":1,"2":1,"3":1,"4":7,"5":7,"6":7,"7":7,"8":7,"9":7,"10":7,"11":0,"12":0,"13":7,"14":1},"f":{"0":7,"1":0},"b":{}}
,"/home/narec/VSCode/react-learning/Naresh_LDP/minit-react-learning/src/components/molecules/PortpolioMenuList/index.stories.tsx": {"path":"/home/narec/VSCode/react-learning/Naresh_LDP/minit-react-learning/src/components/molecules/PortpolioMenuList/index.stories.tsx","statementMap":{"0":{"start":{"line":1,"column":0},"end":{"line":1,"column":34}},"1":{"start":{"line":3,"column":0},"end":{"line":3,"column":60}},"2":{"start":{"line":5,"column":0},"end":{"line":12,"column":2}},"3":{"start":{"line":14,"column":59},"end":{"line":14,"column":null}},"4":{"start":{"line":14,"column":69},"end":{"line":16,"column":2}},"5":{"start":{"line":20,"column":13},"end":{"line":20,"column":41}},"6":{"start":{"line":21,"column":0},"end":{"line":27,"column":2}}},"fnMap":{"0":{"name":"(anonymous_3)","decl":{"start":{"line":14,"column":59},"end":{"line":14,"column":60}},"loc":{"start":{"line":14,"column":64},"end":{"line":14,"column":null}}}},"branchMap":{},"s":{"0":0,"1":0,"2":0,"3":0,"4":0,"5":0,"6":0},"f":{"0":0},"b":{}}
,"/home/narec/VSCode/react-learning/Naresh_LDP/minit-react-learning/src/components/molecules/PortpolioMenuList/index.tsx": {"path":"/home/narec/VSCode/react-learning/Naresh_LDP/minit-react-learning/src/components/molecules/PortpolioMenuList/index.tsx","statementMap":{"0":{"start":{"line":1,"column":0},"end":{"line":1,"column":null}},"1":{"start":{"line":13,"column":0},"end":{"line":13,"column":41}},"2":{"start":{"line":14,"column":0},"end":{"line":14,"column":59}},"3":{"start":{"line":15,"column":0},"end":{"line":15,"column":59}},"4":{"start":{"line":16,"column":0},"end":{"line":16,"column":59}},"5":{"start":{"line":17,"column":0},"end":{"line":17,"column":61}},"6":{"start":{"line":18,"column":0},"end":{"line":18,"column":61}},"7":{"start":{"line":20,"column":0},"end":{"line":20,"column":53}},"8":{"start":{"line":21,"column":0},"end":{"line":21,"column":44}},"9":{"start":{"line":22,"column":0},"end":{"line":22,"column":59}},"10":{"start":{"line":32,"column":13},"end":{"line":81,"column":null}},"11":{"start":{"line":84,"column":2},"end":{"line":84,"column":null}},"12":{"start":{"line":85,"column":2},"end":{"line":85,"column":null}},"13":{"start":{"line":88,"column":60},"end":{"line":170,"column":1}},"14":{"start":{"line":89,"column":8},"end":{"line":89,"column":null}},"15":{"start":{"line":90,"column":7},"end":{"line":90,"column":null}},"16":{"start":{"line":91,"column":14},"end":{"line":91,"column":null}},"17":{"start":{"line":92,"column":8},"end":{"line":92,"column":null}},"18":{"start":{"line":93,"column":5},"end":{"line":93,"column":null}},"19":{"start":{"line":95,"column":2},"end":{"line":169,"column":null}},"20":{"start":{"line":121,"column":27},"end":{"line":133,"column":12}},"21":{"start":{"line":172,"column":0},"end":{"line":172,"column":null}}},"fnMap":{"0":{"name":"handleNeedHelp","decl":{"start":{"line":83,"column":9},"end":{"line":83,"column":23}},"loc":{"start":{"line":83,"column":23},"end":{"line":86,"column":1}}},"1":{"name":"(anonymous_4)","decl":{"start":{"line":88,"column":60},"end":{"line":88,"column":61}},"loc":{"start":{"line":94,"column":1},"end":{"line":170,"column":1}}},"2":{"name":"(anonymous_5)","decl":{"start":{"line":121,"column":20},"end":{"line":121,"column":23}},"loc":{"start":{"line":121,"column":23},"end":{"line":121,"column":null}}}},"branchMap":{},"s":{"0":1,"1":1,"2":1,"3":1,"4":1,"5":1,"6":1,"7":1,"8":1,"9":1,"10":1,"11":0,"12":0,"13":1,"14":1,"15":1,"16":1,"17":1,"18":1,"19":1,"20":6,"21":1},"f":{"0":0,"1":1,"2":6},"b":{}}
,"/home/narec/VSCode/react-learning/Naresh_LDP/minit-react-learning/src/components/molecules/Selectinput/index.tsx": {"path":"/home/narec/VSCode/react-learning/Naresh_LDP/minit-react-learning/src/components/molecules/Selectinput/index.tsx","statementMap":{"0":{"start":{"line":1,"column":0},"end":{"line":1,"column":40}},"1":{"start":{"line":12,"column":48},"end":{"line":28,"column":1}},"2":{"start":{"line":12,"column":58},"end":{"line":12,"column":60}},"3":{"start":{"line":13,"column":44},"end":{"line":13,"column":64}},"4":{"start":{"line":13,"column":22},"end":{"line":13,"column":24}},"5":{"start":{"line":13,"column":40},"end":{"line":13,"column":44}},"6":{"start":{"line":15,"column":29},"end":{"line":17,"column":3}},"7":{"start":{"line":16,"column":4},"end":{"line":16,"column":41}},"8":{"start":{"line":19,"column":2},"end":{"line":27,"column":4}},"9":{"start":{"line":21,"column":29},"end":{"line":25,"column":8}},"10":{"start":{"line":30,"column":0},"end":{"line":30,"column":null}}},"fnMap":{"0":{"name":"(anonymous_2)","decl":{"start":{"line":12,"column":48},"end":{"line":12,"column":49}},"loc":{"start":{"line":12,"column":60},"end":{"line":28,"column":1}}},"1":{"name":"(anonymous_3)","decl":{"start":{"line":15,"column":29},"end":{"line":15,"column":30}},"loc":{"start":{"line":15,"column":73},"end":{"line":17,"column":3}}},"2":{"name":"(anonymous_4)","decl":{"start":{"line":21,"column":19},"end":{"line":21,"column":25}},"loc":{"start":{"line":21,"column":25},"end":{"line":21,"column":null}}}},"branchMap":{},"s":{"0":1,"1":1,"2":1,"3":1,"4":1,"5":1,"6":1,"7":0,"8":1,"9":3,"10":1},"f":{"0":1,"1":0,"2":3},"b":{}}
,"/home/narec/VSCode/react-learning/Naresh_LDP/minit-react-learning/src/components/molecules/TimePeriodCard/index.stories.tsx": {"path":"/home/narec/VSCode/react-learning/Naresh_LDP/minit-react-learning/src/components/molecules/TimePeriodCard/index.stories.tsx","statementMap":{"0":{"start":{"line":1,"column":0},"end":{"line":1,"column":31}},"1":{"start":{"line":4,"column":0},"end":{"line":11,"column":2}},"2":{"start":{"line":13,"column":56},"end":{"line":13,"column":null}},"3":{"start":{"line":13,"column":66},"end":{"line":15,"column":2}},"4":{"start":{"line":17,"column":22},"end":{"line":19,"column":1}},"5":{"start":{"line":18,"column":4},"end":{"line":18,"column":null}},"6":{"start":{"line":22,"column":13},"end":{"line":22,"column":41}},"7":{"start":{"line":23,"column":0},"end":{"line":28,"column":2}}},"fnMap":{"0":{"name":"(anonymous_3)","decl":{"start":{"line":13,"column":56},"end":{"line":13,"column":57}},"loc":{"start":{"line":13,"column":61},"end":{"line":13,"column":null}}},"1":{"name":"(anonymous_4)","decl":{"start":{"line":17,"column":22},"end":{"line":17,"column":null}},"loc":{"start":{"line":17,"column":22},"end":{"line":19,"column":1}}}},"branchMap":{},"s":{"0":0,"1":0,"2":0,"3":0,"4":0,"5":0,"6":0,"7":0},"f":{"0":0,"1":0},"b":{}}
,"/home/narec/VSCode/react-learning/Naresh_LDP/minit-react-learning/src/components/molecules/TimePeriodCard/index.tsx": {"path":"/home/narec/VSCode/react-learning/Naresh_LDP/minit-react-learning/src/components/molecules/TimePeriodCard/index.tsx","statementMap":{"0":{"start":{"line":1,"column":0},"end":{"line":1,"column":43}},"1":{"start":{"line":3,"column":0},"end":{"line":3,"column":57}},"2":{"start":{"line":13,"column":54},"end":{"line":43,"column":1}},"3":{"start":{"line":14,"column":2},"end":{"line":14,"column":8}},"4":{"start":{"line":14,"column":8},"end":{"line":14,"column":null}},"5":{"start":{"line":15,"column":2},"end":{"line":15,"column":7}},"6":{"start":{"line":15,"column":7},"end":{"line":15,"column":null}},"7":{"start":{"line":16,"column":13},"end":{"line":16,"column":null}},"8":{"start":{"line":17,"column":11},"end":{"line":17,"column":null}},"9":{"start":{"line":22,"column":2},"end":{"line":42,"column":null}},"10":{"start":{"line":45,"column":0},"end":{"line":45,"column":null}}},"fnMap":{"0":{"name":"(anonymous_3)","decl":{"start":{"line":13,"column":54},"end":{"line":13,"column":55}},"loc":{"start":{"line":19,"column":1},"end":{"line":43,"column":1}}}},"branchMap":{"0":{"loc":{"start":{"line":14,"column":8},"end":{"line":14,"column":null}},"type":"cond-expr","locations":[{"start":{"line":14,"column":9},"end":{"line":14,"column":11}},{"start":{"line":14,"column":11},"end":{"line":14,"column":null}}]},"1":{"loc":{"start":{"line":15,"column":7},"end":{"line":15,"column":null}},"type":"cond-expr","locations":[{"start":{"line":15,"column":8},"end":{"line":15,"column":11}},{"start":{"line":15,"column":11},"end":{"line":15,"column":null}}]}},"s":{"0":1,"1":1,"2":1,"3":1,"4":1,"5":1,"6":1,"7":1,"8":1,"9":1,"10":1},"f":{"0":1},"b":{"0":[0,1],"1":[0,1]}}
,"/home/narec/VSCode/react-learning/Naresh_LDP/minit-react-learning/src/components/molecules/TotalBalance/index.stories.tsx": {"path":"/home/narec/VSCode/react-learning/Naresh_LDP/minit-react-learning/src/components/molecules/TotalBalance/index.stories.tsx","statementMap":{"0":{"start":{"line":1,"column":0},"end":{"line":1,"column":29}},"1":{"start":{"line":3,"column":0},"end":{"line":3,"column":60}},"2":{"start":{"line":4,"column":0},"end":{"line":11,"column":2}},"3":{"start":{"line":13,"column":54},"end":{"line":13,"column":null}},"4":{"start":{"line":13,"column":64},"end":{"line":15,"column":2}},"5":{"start":{"line":19,"column":13},"end":{"line":19,"column":41}},"6":{"start":{"line":20,"column":0},"end":{"line":25,"column":2}}},"fnMap":{"0":{"name":"(anonymous_3)","decl":{"start":{"line":13,"column":54},"end":{"line":13,"column":55}},"loc":{"start":{"line":13,"column":59},"end":{"line":13,"column":null}}}},"branchMap":{},"s":{"0":0,"1":0,"2":0,"3":0,"4":0,"5":0,"6":0},"f":{"0":0},"b":{}}
,"/home/narec/VSCode/react-learning/Naresh_LDP/minit-react-learning/src/components/molecules/TotalBalance/index.tsx": {"path":"/home/narec/VSCode/react-learning/Naresh_LDP/minit-react-learning/src/components/molecules/TotalBalance/index.tsx","statementMap":{"0":{"start":{"line":1,"column":0},"end":{"line":1,"column":44}},"1":{"start":{"line":3,"column":0},"end":{"line":3,"column":42}},"2":{"start":{"line":4,"column":0},"end":{"line":4,"column":54}},"3":{"start":{"line":13,"column":50},"end":{"line":35,"column":1}},"4":{"start":{"line":13,"column":59},"end":{"line":13,"column":60}},"5":{"start":{"line":13,"column":66},"end":{"line":13,"column":67}},"6":{"start":{"line":13,"column":72},"end":{"line":13,"column":73}},"7":{"start":{"line":16,"column":2},"end":{"line":34,"column":4}},"8":{"start":{"line":37,"column":0},"end":{"line":37,"column":null}}},"fnMap":{"0":{"name":"(anonymous_3)","decl":{"start":{"line":13,"column":50},"end":{"line":13,"column":51}},"loc":{"start":{"line":13,"column":73},"end":{"line":35,"column":1}}}},"branchMap":{},"s":{"0":1,"1":1,"2":1,"3":1,"4":0,"5":0,"6":0,"7":0,"8":1},"f":{"0":0},"b":{}}
,"/home/narec/VSCode/react-learning/Naresh_LDP/minit-react-learning/src/components/molecules/WatchList/index.stories.tsx": {"path":"/home/narec/VSCode/react-learning/Naresh_LDP/minit-react-learning/src/components/molecules/WatchList/index.stories.tsx","statementMap":{"0":{"start":{"line":1,"column":0},"end":{"line":1,"column":26}},"1":{"start":{"line":3,"column":0},"end":{"line":3,"column":60}},"2":{"start":{"line":5,"column":0},"end":{"line":12,"column":2}},"3":{"start":{"line":14,"column":51},"end":{"line":14,"column":null}},"4":{"start":{"line":14,"column":61},"end":{"line":16,"column":2}},"5":{"start":{"line":20,"column":13},"end":{"line":20,"column":43}},"6":{"start":{"line":21,"column":0},"end":{"line":27,"column":2}}},"fnMap":{"0":{"name":"(anonymous_3)","decl":{"start":{"line":14,"column":51},"end":{"line":14,"column":52}},"loc":{"start":{"line":14,"column":56},"end":{"line":14,"column":null}}}},"branchMap":{},"s":{"0":0,"1":0,"2":0,"3":0,"4":0,"5":0,"6":0},"f":{"0":0},"b":{}}
,"/home/narec/VSCode/react-learning/Naresh_LDP/minit-react-learning/src/components/molecules/WatchList/index.tsx": {"path":"/home/narec/VSCode/react-learning/Naresh_LDP/minit-react-learning/src/components/molecules/WatchList/index.tsx","statementMap":{"0":{"start":{"line":1,"column":0},"end":{"line":1,"column":49}},"1":{"start":{"line":3,"column":0},"end":{"line":3,"column":41}},"2":{"start":{"line":4,"column":0},"end":{"line":4,"column":59}},"3":{"start":{"line":5,"column":0},"end":{"line":5,"column":57}},"4":{"start":{"line":6,"column":0},"end":{"line":6,"column":51}},"5":{"start":{"line":7,"column":0},"end":{"line":7,"column":61}},"6":{"start":{"line":8,"column":0},"end":{"line":8,"column":53}},"7":{"start":{"line":9,"column":0},"end":{"line":9,"column":53}},"8":{"start":{"line":19,"column":44},"end":{"line":118,"column":1}},"9":{"start":{"line":20,"column":8},"end":{"line":20,"column":null}},"10":{"start":{"line":21,"column":7},"end":{"line":21,"column":null}},"11":{"start":{"line":22,"column":14},"end":{"line":22,"column":null}},"12":{"start":{"line":23,"column":8},"end":{"line":23,"column":null}},"13":{"start":{"line":24,"column":5},"end":{"line":24,"column":null}},"14":{"start":{"line":27,"column":4},"end":{"line":27,"column":null}},"15":{"start":{"line":28,"column":4},"end":{"line":28,"column":null}},"16":{"start":{"line":31,"column":2},"end":{"line":117,"column":null}},"17":{"start":{"line":120,"column":0},"end":{"line":120,"column":null}}},"fnMap":{"0":{"name":"(anonymous_3)","decl":{"start":{"line":19,"column":44},"end":{"line":19,"column":45}},"loc":{"start":{"line":25,"column":1},"end":{"line":118,"column":1}}},"1":{"name":"handleNeedHelp","decl":{"start":{"line":26,"column":11},"end":{"line":26,"column":25}},"loc":{"start":{"line":26,"column":25},"end":{"line":29,"column":3}}}},"branchMap":{},"s":{"0":1,"1":1,"2":1,"3":1,"4":1,"5":1,"6":1,"7":1,"8":1,"9":1,"10":1,"11":1,"12":1,"13":1,"14":0,"15":0,"16":1,"17":1},"f":{"0":1,"1":0},"b":{}}
,"/home/narec/VSCode/react-learning/Naresh_LDP/minit-react-learning/src/components/organisms/Footer/index.stories.tsx": {"path":"/home/narec/VSCode/react-learning/Naresh_LDP/minit-react-learning/src/components/organisms/Footer/index.stories.tsx","statementMap":{"0":{"start":{"line":1,"column":0},"end":{"line":1,"column":23}},"1":{"start":{"line":4,"column":0},"end":{"line":11,"column":2}},"2":{"start":{"line":13,"column":48},"end":{"line":13,"column":null}},"3":{"start":{"line":13,"column":58},"end":{"line":15,"column":2}},"4":{"start":{"line":19,"column":13},"end":{"line":19,"column":41}},"5":{"start":{"line":20,"column":0},"end":{"line":25,"column":2}}},"fnMap":{"0":{"name":"(anonymous_3)","decl":{"start":{"line":13,"column":48},"end":{"line":13,"column":49}},"loc":{"start":{"line":13,"column":53},"end":{"line":13,"column":null}}}},"branchMap":{},"s":{"0":0,"1":0,"2":0,"3":0,"4":0,"5":0},"f":{"0":0},"b":{}}
,"/home/narec/VSCode/react-learning/Naresh_LDP/minit-react-learning/src/components/organisms/Footer/index.tsx": {"path":"/home/narec/VSCode/react-learning/Naresh_LDP/minit-react-learning/src/components/organisms/Footer/index.tsx","statementMap":{"0":{"start":{"line":2,"column":0},"end":{"line":2,"column":53}},"1":{"start":{"line":3,"column":0},"end":{"line":3,"column":45}},"2":{"start":{"line":4,"column":0},"end":{"line":4,"column":37}},"3":{"start":{"line":5,"column":0},"end":{"line":5,"column":42}},"4":{"start":{"line":6,"column":0},"end":{"line":6,"column":59}},"5":{"start":{"line":7,"column":0},"end":{"line":7,"column":47}},"6":{"start":{"line":15,"column":32},"end":{"line":19,"column":null}},"7":{"start":{"line":21,"column":23},"end":{"line":24,"column":1}},"8":{"start":{"line":22,"column":2},"end":{"line":22,"column":null}},"9":{"start":{"line":23,"column":2},"end":{"line":23,"column":null}},"10":{"start":{"line":31,"column":38},"end":{"line":86,"column":1}},"11":{"start":{"line":31,"column":47},"end":{"line":31,"column":49}},"12":{"start":{"line":31,"column":54},"end":{"line":31,"column":56}},"13":{"start":{"line":31,"column":63},"end":{"line":31,"column":65}},"14":{"start":{"line":32,"column":2},"end":{"line":85,"column":null}},"15":{"start":{"line":88,"column":0},"end":{"line":88,"column":null}}},"fnMap":{"0":{"name":"(anonymous_3)","decl":{"start":{"line":21,"column":23},"end":{"line":21,"column":null}},"loc":{"start":{"line":21,"column":23},"end":{"line":24,"column":1}}},"1":{"name":"(anonymous_4)","decl":{"start":{"line":31,"column":38},"end":{"line":31,"column":39}},"loc":{"start":{"line":31,"column":65},"end":{"line":86,"column":1}}}},"branchMap":{},"s":{"0":1,"1":1,"2":1,"3":1,"4":1,"5":1,"6":1,"7":1,"8":0,"9":0,"10":1,"11":1,"12":1,"13":1,"14":1,"15":1},"f":{"0":0,"1":1},"b":{}}
,"/home/narec/VSCode/react-learning/Naresh_LDP/minit-react-learning/src/components/organisms/Header/index.stories.tsx": {"path":"/home/narec/VSCode/react-learning/Naresh_LDP/minit-react-learning/src/components/organisms/Header/index.stories.tsx","statementMap":{"0":{"start":{"line":1,"column":0},"end":{"line":1,"column":23}},"1":{"start":{"line":5,"column":0},"end":{"line":12,"column":2}},"2":{"start":{"line":14,"column":48},"end":{"line":14,"column":null}},"3":{"start":{"line":14,"column":58},"end":{"line":16,"column":2}},"4":{"start":{"line":20,"column":13},"end":{"line":20,"column":43}},"5":{"start":{"line":21,"column":0},"end":{"line":25,"column":2}}},"fnMap":{"0":{"name":"(anonymous_3)","decl":{"start":{"line":14,"column":48},"end":{"line":14,"column":49}},"loc":{"start":{"line":14,"column":53},"end":{"line":14,"column":null}}}},"branchMap":{},"s":{"0":0,"1":0,"2":0,"3":0,"4":0,"5":0},"f":{"0":0},"b":{}}
,"/home/narec/VSCode/react-learning/Naresh_LDP/minit-react-learning/src/components/organisms/Header/index.tsx": {"path":"/home/narec/VSCode/react-learning/Naresh_LDP/minit-react-learning/src/components/organisms/Header/index.tsx","statementMap":{"0":{"start":{"line":1,"column":0},"end":{"line":1,"column":43}},"1":{"start":{"line":3,"column":0},"end":{"line":3,"column":51}},"2":{"start":{"line":4,"column":0},"end":{"line":4,"column":51}},"3":{"start":{"line":5,"column":0},"end":{"line":5,"column":57}},"4":{"start":{"line":6,"column":0},"end":{"line":6,"column":43}},"5":{"start":{"line":7,"column":0},"end":{"line":7,"column":59}},"6":{"start":{"line":8,"column":0},"end":{"line":8,"column":46}},"7":{"start":{"line":9,"column":0},"end":{"line":9,"column":47}},"8":{"start":{"line":22,"column":23},"end":{"line":26,"column":1}},"9":{"start":{"line":23,"column":2},"end":{"line":23,"column":null}},"10":{"start":{"line":24,"column":2},"end":{"line":24,"column":null}},"11":{"start":{"line":29,"column":38},"end":{"line":84,"column":1}},"12":{"start":{"line":29,"column":47},"end":{"line":29,"column":49}},"13":{"start":{"line":29,"column":55},"end":{"line":29,"column":57}},"14":{"start":{"line":29,"column":62},"end":{"line":29,"column":63}},"15":{"start":{"line":29,"column":73},"end":{"line":29,"column":74}},"16":{"start":{"line":29,"column":80},"end":{"line":29,"column":82}},"17":{"start":{"line":31,"column":19},"end":{"line":31,"column":32}},"18":{"start":{"line":33,"column":32},"end":{"line":36,"column":3}},"19":{"start":{"line":35,"column":4},"end":{"line":35,"column":30}},"20":{"start":{"line":38,"column":2},"end":{"line":83,"column":null}},"21":{"start":{"line":86,"column":0},"end":{"line":86,"column":null}}},"fnMap":{"0":{"name":"(anonymous_3)","decl":{"start":{"line":22,"column":23},"end":{"line":22,"column":null}},"loc":{"start":{"line":22,"column":23},"end":{"line":26,"column":1}}},"1":{"name":"(anonymous_4)","decl":{"start":{"line":29,"column":38},"end":{"line":29,"column":39}},"loc":{"start":{"line":29,"column":82},"end":{"line":84,"column":1}}},"2":{"name":"(anonymous_5)","decl":{"start":{"line":33,"column":32},"end":{"line":33,"column":null}},"loc":{"start":{"line":33,"column":32},"end":{"line":36,"column":3}}}},"branchMap":{},"s":{"0":1,"1":1,"2":1,"3":1,"4":1,"5":1,"6":1,"7":1,"8":1,"9":0,"10":0,"11":1,"12":1,"13":1,"14":1,"15":1,"16":1,"17":1,"18":1,"19":0,"20":1,"21":1},"f":{"0":0,"1":1,"2":0},"b":{}}
,"/home/narec/VSCode/react-learning/Naresh_LDP/minit-react-learning/src/components/organisms/Mainbar/index.stories.tsx": {"path":"/home/narec/VSCode/react-learning/Naresh_LDP/minit-react-learning/src/components/organisms/Mainbar/index.stories.tsx","statementMap":{"0":{"start":{"line":1,"column":0},"end":{"line":1,"column":24}},"1":{"start":{"line":5,"column":0},"end":{"line":12,"column":2}},"2":{"start":{"line":14,"column":49},"end":{"line":14,"column":null}},"3":{"start":{"line":14,"column":59},"end":{"line":16,"column":2}},"4":{"start":{"line":20,"column":13},"end":{"line":20,"column":41}},"5":{"start":{"line":21,"column":0},"end":{"line":27,"column":2}}},"fnMap":{"0":{"name":"(anonymous_3)","decl":{"start":{"line":14,"column":49},"end":{"line":14,"column":50}},"loc":{"start":{"line":14,"column":54},"end":{"line":14,"column":null}}}},"branchMap":{},"s":{"0":0,"1":0,"2":0,"3":0,"4":0,"5":0},"f":{"0":0},"b":{}}
,"/home/narec/VSCode/react-learning/Naresh_LDP/minit-react-learning/src/components/organisms/Mainbar/index.tsx": {"path":"/home/narec/VSCode/react-learning/Naresh_LDP/minit-react-learning/src/components/organisms/Mainbar/index.tsx","statementMap":{"0":{"start":{"line":1,"column":0},"end":{"line":1,"column":43}},"1":{"start":{"line":17,"column":23},"end":{"line":20,"column":1}},"2":{"start":{"line":18,"column":2},"end":{"line":18,"column":null}},"3":{"start":{"line":19,"column":2},"end":{"line":19,"column":null}},"4":{"start":{"line":22,"column":39},"end":{"line":38,"column":1}},"5":{"start":{"line":22,"column":48},"end":{"line":22,"column":50}},"6":{"start":{"line":22,"column":55},"end":{"line":22,"column":57}},"7":{"start":{"line":22,"column":65},"end":{"line":22,"column":67}},"8":{"start":{"line":22,"column":73},"end":{"line":22,"column":74}},"9":{"start":{"line":23,"column":2},"end":{"line":37,"column":null}},"10":{"start":{"line":40,"column":0},"end":{"line":40,"column":null}}},"fnMap":{"0":{"name":"(anonymous_2)","decl":{"start":{"line":17,"column":23},"end":{"line":17,"column":null}},"loc":{"start":{"line":17,"column":23},"end":{"line":20,"column":1}}},"1":{"name":"(anonymous_3)","decl":{"start":{"line":22,"column":39},"end":{"line":22,"column":40}},"loc":{"start":{"line":22,"column":74},"end":{"line":38,"column":1}}}},"branchMap":{},"s":{"0":1,"1":1,"2":0,"3":0,"4":1,"5":1,"6":1,"7":1,"8":1,"9":1,"10":1},"f":{"0":0,"1":1},"b":{}}
,"/home/narec/VSCode/react-learning/Naresh_LDP/minit-react-learning/src/components/organisms/Navbar/index.stories.tsx": {"path":"/home/narec/VSCode/react-learning/Naresh_LDP/minit-react-learning/src/components/organisms/Navbar/index.stories.tsx","statementMap":{"0":{"start":{"line":1,"column":0},"end":{"line":1,"column":23}},"1":{"start":{"line":3,"column":0},"end":{"line":10,"column":2}},"2":{"start":{"line":12,"column":48},"end":{"line":12,"column":null}},"3":{"start":{"line":12,"column":58},"end":{"line":14,"column":2}},"4":{"start":{"line":18,"column":13},"end":{"line":18,"column":43}},"5":{"start":{"line":19,"column":0},"end":{"line":23,"column":2}}},"fnMap":{"0":{"name":"(anonymous_3)","decl":{"start":{"line":12,"column":48},"end":{"line":12,"column":49}},"loc":{"start":{"line":12,"column":53},"end":{"line":12,"column":null}}}},"branchMap":{},"s":{"0":0,"1":0,"2":0,"3":0,"4":0,"5":0},"f":{"0":0},"b":{}}
,"/home/narec/VSCode/react-learning/Naresh_LDP/minit-react-learning/src/components/organisms/Navbar/index.tsx": {"path":"/home/narec/VSCode/react-learning/Naresh_LDP/minit-react-learning/src/components/organisms/Navbar/index.tsx","statementMap":{"0":{"start":{"line":1,"column":0},"end":{"line":1,"column":43}},"1":{"start":{"line":3,"column":0},"end":{"line":3,"column":63}},"2":{"start":{"line":4,"column":0},"end":{"line":4,"column":53}},"3":{"start":{"line":5,"column":0},"end":{"line":5,"column":63}},"4":{"start":{"line":6,"column":0},"end":{"line":6,"column":55}},"5":{"start":{"line":8,"column":0},"end":{"line":8,"column":57}},"6":{"start":{"line":9,"column":0},"end":{"line":9,"column":59}},"7":{"start":{"line":10,"column":0},"end":{"line":10,"column":61}},"8":{"start":{"line":19,"column":23},"end":{"line":22,"column":1}},"9":{"start":{"line":20,"column":2},"end":{"line":20,"column":null}},"10":{"start":{"line":21,"column":2},"end":{"line":21,"column":null}},"11":{"start":{"line":31,"column":30},"end":{"line":62,"column":null}},"12":{"start":{"line":64,"column":38},"end":{"line":98,"column":1}},"13":{"start":{"line":64,"column":47},"end":{"line":64,"column":49}},"14":{"start":{"line":64,"column":54},"end":{"line":64,"column":56}},"15":{"start":{"line":64,"column":62},"end":{"line":64,"column":63}},"16":{"start":{"line":66,"column":19},"end":{"line":66,"column":32}},"17":{"start":{"line":68,"column":25},"end":{"line":71,"column":3}},"18":{"start":{"line":70,"column":4},"end":{"line":70,"column":18}},"19":{"start":{"line":72,"column":2},"end":{"line":97,"column":null}},"20":{"start":{"line":92,"column":57},"end":{"line":94,"column":10}},"21":{"start":{"line":100,"column":0},"end":{"line":100,"column":null}}},"fnMap":{"0":{"name":"(anonymous_3)","decl":{"start":{"line":19,"column":23},"end":{"line":19,"column":null}},"loc":{"start":{"line":19,"column":23},"end":{"line":22,"column":1}}},"1":{"name":"(anonymous_4)","decl":{"start":{"line":64,"column":38},"end":{"line":64,"column":39}},"loc":{"start":{"line":64,"column":63},"end":{"line":98,"column":1}}},"2":{"name":"(anonymous_5)","decl":{"start":{"line":68,"column":25},"end":{"line":68,"column":null}},"loc":{"start":{"line":68,"column":25},"end":{"line":71,"column":3}}},"3":{"name":"(anonymous_6)","decl":{"start":{"line":92,"column":35},"end":{"line":92,"column":36}},"loc":{"start":{"line":92,"column":52},"end":{"line":92,"column":null}}}},"branchMap":{},"s":{"0":1,"1":1,"2":1,"3":1,"4":1,"5":1,"6":1,"7":1,"8":1,"9":0,"10":0,"11":1,"12":1,"13":2,"14":1,"15":1,"16":1,"17":1,"18":0,"19":1,"20":5,"21":1},"f":{"0":0,"1":2,"2":0,"3":5},"b":{}}
,"/home/narec/VSCode/react-learning/Naresh_LDP/minit-react-learning/src/components/pages/Dashboard/index.stories.tsx": {"path":"/home/narec/VSCode/react-learning/Naresh_LDP/minit-react-learning/src/components/pages/Dashboard/index.stories.tsx","statementMap":{"0":{"start":{"line":1,"column":0},"end":{"line":1,"column":26}},"1":{"start":{"line":7,"column":0},"end":{"line":14,"column":2}},"2":{"start":{"line":16,"column":51},"end":{"line":16,"column":null}},"3":{"start":{"line":16,"column":61},"end":{"line":18,"column":2}},"4":{"start":{"line":22,"column":13},"end":{"line":22,"column":41}},"5":{"start":{"line":23,"column":0},"end":{"line":26,"column":2}}},"fnMap":{"0":{"name":"(anonymous_3)","decl":{"start":{"line":16,"column":51},"end":{"line":16,"column":52}},"loc":{"start":{"line":16,"column":56},"end":{"line":16,"column":null}}}},"branchMap":{},"s":{"0":0,"1":0,"2":0,"3":0,"4":0,"5":0},"f":{"0":0},"b":{}}
,"/home/narec/VSCode/react-learning/Naresh_LDP/minit-react-learning/src/components/pages/Dashboard/index.tsx": {"path":"/home/narec/VSCode/react-learning/Naresh_LDP/minit-react-learning/src/components/pages/Dashboard/index.tsx","statementMap":{"0":{"start":{"line":2,"column":0},"end":{"line":2,"column":43}},"1":{"start":{"line":3,"column":0},"end":{"line":3,"column":59}},"2":{"start":{"line":4,"column":0},"end":{"line":4,"column":45}},"3":{"start":{"line":5,"column":0},"end":{"line":5,"column":49}},"4":{"start":{"line":6,"column":0},"end":{"line":6,"column":65}},"5":{"start":{"line":7,"column":0},"end":{"line":7,"column":37}},"6":{"start":{"line":8,"column":0},"end":{"line":8,"column":63}},"7":{"start":{"line":9,"column":0},"end":{"line":9,"column":43}},"8":{"start":{"line":10,"column":0},"end":{"line":10,"column":43}},"9":{"start":{"line":16,"column":1},"end":{"line":16,"column":32}},"10":{"start":{"line":27,"column":16},"end":{"line":31,"column":null}},"11":{"start":{"line":34,"column":44},"end":{"line":80,"column":1}},"12":{"start":{"line":35,"column":8},"end":{"line":35,"column":null}},"13":{"start":{"line":36,"column":8},"end":{"line":36,"column":null}},"14":{"start":{"line":37,"column":8},"end":{"line":37,"column":null}},"15":{"start":{"line":38,"column":16},"end":{"line":38,"column":null}},"16":{"start":{"line":41,"column":2},"end":{"line":79,"column":null}},"17":{"start":{"line":82,"column":0},"end":{"line":82,"column":null}}},"fnMap":{"0":{"name":"handleSellButtonClick","decl":{"start":{"line":15,"column":9},"end":{"line":15,"column":30}},"loc":{"start":{"line":15,"column":30},"end":{"line":17,"column":1}}},"1":{"name":"(anonymous_4)","decl":{"start":{"line":34,"column":44},"end":{"line":34,"column":45}},"loc":{"start":{"line":39,"column":1},"end":{"line":80,"column":1}}}},"branchMap":{"0":{"loc":{"start":{"line":44,"column":16},"end":{"line":44,"column":56}},"type":"cond-expr","locations":[{"start":{"line":44,"column":33},"end":{"line":44,"column":49}},{"start":{"line":44,"column":50},"end":{"line":44,"column":56}}]},"1":{"loc":{"start":{"line":45,"column":16},"end":{"line":45,"column":56}},"type":"cond-expr","locations":[{"start":{"line":45,"column":33},"end":{"line":45,"column":49}},{"start":{"line":45,"column":50},"end":{"line":45,"column":56}}]},"2":{"loc":{"start":{"line":46,"column":16},"end":{"line":46,"column":56}},"type":"cond-expr","locations":[{"start":{"line":46,"column":33},"end":{"line":46,"column":49}},{"start":{"line":46,"column":50},"end":{"line":46,"column":56}}]},"3":{"loc":{"start":{"line":47,"column":23},"end":{"line":47,"column":64}},"type":"cond-expr","locations":[{"start":{"line":47,"column":40},"end":{"line":47,"column":49}},{"start":{"line":47,"column":50},"end":{"line":47,"column":64}}]}},"s":{"0":1,"1":1,"2":1,"3":1,"4":1,"5":1,"6":1,"7":1,"8":1,"9":0,"10":1,"11":1,"12":2,"13":1,"14":1,"15":1,"16":1,"17":1},"f":{"0":0,"1":2},"b":{"0":[1,0],"1":[1,0],"2":[1,0],"3":[1,0]}}
,"/home/narec/VSCode/react-learning/Naresh_LDP/minit-react-learning/src/components/pages/SellcheckoutPage/index.stories.tsx": {"path":"/home/narec/VSCode/react-learning/Naresh_LDP/minit-react-learning/src/components/pages/SellcheckoutPage/index.stories.tsx","statementMap":{"0":{"start":{"line":1,"column":0},"end":{"line":1,"column":33}},"1":{"start":{"line":7,"column":0},"end":{"line":14,"column":2}},"2":{"start":{"line":16,"column":58},"end":{"line":16,"column":null}},"3":{"start":{"line":16,"column":68},"end":{"line":18,"column":2}},"4":{"start":{"line":22,"column":13},"end":{"line":22,"column":41}},"5":{"start":{"line":23,"column":0},"end":{"line":25,"column":2}}},"fnMap":{"0":{"name":"(anonymous_3)","decl":{"start":{"line":16,"column":58},"end":{"line":16,"column":59}},"loc":{"start":{"line":16,"column":63},"end":{"line":16,"column":null}}}},"branchMap":{},"s":{"0":0,"1":0,"2":0,"3":0,"4":0,"5":0},"f":{"0":0},"b":{}}
,"/home/narec/VSCode/react-learning/Naresh_LDP/minit-react-learning/src/components/pages/SellcheckoutPage/index.tsx": {"path":"/home/narec/VSCode/react-learning/Naresh_LDP/minit-react-learning/src/components/pages/SellcheckoutPage/index.tsx","statementMap":{"0":{"start":{"line":2,"column":0},"end":{"line":2,"column":43}},"1":{"start":{"line":3,"column":0},"end":{"line":3,"column":43}},"2":{"start":{"line":4,"column":0},"end":{"line":4,"column":43}},"3":{"start":{"line":5,"column":0},"end":{"line":5,"column":37}},"4":{"start":{"line":6,"column":0},"end":{"line":6,"column":45}},"5":{"start":{"line":7,"column":0},"end":{"line":7,"column":63}},"6":{"start":{"line":8,"column":0},"end":{"line":8,"column":57}},"7":{"start":{"line":9,"column":0},"end":{"line":9,"column":55}},"8":{"start":{"line":10,"column":0},"end":{"line":10,"column":59}},"9":{"start":{"line":11,"column":0},"end":{"line":11,"column":49}},"10":{"start":{"line":12,"column":0},"end":{"line":12,"column":59}},"11":{"start":{"line":13,"column":0},"end":{"line":13,"column":55}},"12":{"start":{"line":14,"column":0},"end":{"line":14,"column":59}},"13":{"start":{"line":15,"column":0},"end":{"line":15,"column":46}},"14":{"start":{"line":26,"column":19},"end":{"line":31,"column":null}},"15":{"start":{"line":33,"column":23},"end":{"line":36,"column":1}},"16":{"start":{"line":34,"column":2},"end":{"line":34,"column":null}},"17":{"start":{"line":35,"column":2},"end":{"line":35,"column":null}},"18":{"start":{"line":38,"column":58},"end":{"line":80,"column":1}},"19":{"start":{"line":39,"column":2},"end":{"line":39,"column":8}},"20":{"start":{"line":39,"column":8},"end":{"line":39,"column":null}},"21":{"start":{"line":40,"column":2},"end":{"line":40,"column":8}},"22":{"start":{"line":40,"column":8},"end":{"line":40,"column":null}},"23":{"start":{"line":41,"column":2},"end":{"line":41,"column":9}},"24":{"start":{"line":41,"column":9},"end":{"line":41,"column":null}},"25":{"start":{"line":42,"column":9},"end":{"line":42,"column":null}},"26":{"start":{"line":43,"column":2},"end":{"line":43,"column":9}},"27":{"start":{"line":43,"column":9},"end":{"line":43,"column":null}},"28":{"start":{"line":46,"column":19},"end":{"line":46,"column":32}},"29":{"start":{"line":48,"column":28},"end":{"line":51,"column":3}},"30":{"start":{"line":50,"column":4},"end":{"line":50,"column":25}},"31":{"start":{"line":53,"column":2},"end":{"line":79,"column":null}},"32":{"start":{"line":82,"column":0},"end":{"line":82,"column":null}}},"fnMap":{"0":{"name":"(anonymous_3)","decl":{"start":{"line":33,"column":23},"end":{"line":33,"column":null}},"loc":{"start":{"line":33,"column":23},"end":{"line":36,"column":1}}},"1":{"name":"(anonymous_4)","decl":{"start":{"line":38,"column":58},"end":{"line":38,"column":59}},"loc":{"start":{"line":44,"column":1},"end":{"line":80,"column":1}}},"2":{"name":"(anonymous_5)","decl":{"start":{"line":48,"column":28},"end":{"line":48,"column":null}},"loc":{"start":{"line":48,"column":28},"end":{"line":51,"column":3}}}},"branchMap":{"0":{"loc":{"start":{"line":39,"column":8},"end":{"line":39,"column":null}},"type":"cond-expr","locations":[{"start":{"line":39,"column":9},"end":{"line":39,"column":28}},{"start":{"line":39,"column":28},"end":{"line":39,"column":null}}]},"1":{"loc":{"start":{"line":40,"column":8},"end":{"line":40,"column":null}},"type":"cond-expr","locations":[{"start":{"line":40,"column":9},"end":{"line":40,"column":28}},{"start":{"line":40,"column":28},"end":{"line":40,"column":null}}]},"2":{"loc":{"start":{"line":41,"column":9},"end":{"line":41,"column":null}},"type":"cond-expr","locations":[{"start":{"line":41,"column":10},"end":{"line":41,"column":29}},{"start":{"line":41,"column":29},"end":{"line":41,"column":null}}]},"3":{"loc":{"start":{"line":43,"column":9},"end":{"line":43,"column":null}},"type":"cond-expr","locations":[{"start":{"line":43,"column":10},"end":{"line":43,"column":30}},{"start":{"line":43,"column":30},"end":{"line":43,"column":null}}]}},"s":{"0":1,"1":1,"2":1,"3":1,"4":1,"5":1,"6":1,"7":1,"8":1,"9":1,"10":1,"11":1,"12":1,"13":1,"14":1,"15":1,"16":0,"17":0,"18":1,"19":0,"20":0,"21":0,"22":0,"23":0,"24":0,"25":0,"26":0,"27":0,"28":0,"29":0,"30":0,"31":0,"32":1},"f":{"0":0,"1":0,"2":0},"b":{"0":[0,0],"1":[0,0],"2":[0,0],"3":[0,0]}}
,"/home/narec/VSCode/react-learning/Naresh_LDP/minit-react-learning/src/components/pages/SuccessPage/index.stories.tsx": {"path":"/home/narec/VSCode/react-learning/Naresh_LDP/minit-react-learning/src/components/pages/SuccessPage/index.stories.tsx","statementMap":{"0":{"start":{"line":1,"column":0},"end":{"line":1,"column":24}},"1":{"start":{"line":6,"column":0},"end":{"line":13,"column":2}},"2":{"start":{"line":15,"column":49},"end":{"line":15,"column":null}},"3":{"start":{"line":15,"column":59},"end":{"line":17,"column":2}},"4":{"start":{"line":21,"column":13},"end":{"line":21,"column":41}},"5":{"start":{"line":22,"column":0},"end":{"line":25,"column":2}}},"fnMap":{"0":{"name":"(anonymous_3)","decl":{"start":{"line":15,"column":49},"end":{"line":15,"column":50}},"loc":{"start":{"line":15,"column":54},"end":{"line":15,"column":null}}}},"branchMap":{},"s":{"0":0,"1":0,"2":0,"3":0,"4":0,"5":0},"f":{"0":0},"b":{}}
,"/home/narec/VSCode/react-learning/Naresh_LDP/minit-react-learning/src/components/pages/SuccessPage/index.tsx": {"path":"/home/narec/VSCode/react-learning/Naresh_LDP/minit-react-learning/src/components/pages/SuccessPage/index.tsx","statementMap":{"0":{"start":{"line":2,"column":0},"end":{"line":2,"column":43}},"1":{"start":{"line":3,"column":0},"end":{"line":3,"column":43}},"2":{"start":{"line":4,"column":0},"end":{"line":4,"column":43}},"3":{"start":{"line":5,"column":0},"end":{"line":5,"column":61}},"4":{"start":{"line":6,"column":0},"end":{"line":6,"column":64}},"5":{"start":{"line":8,"column":0},"end":{"line":8,"column":45}},"6":{"start":{"line":9,"column":0},"end":{"line":9,"column":59}},"7":{"start":{"line":10,"column":0},"end":{"line":10,"column":52}},"8":{"start":{"line":14,"column":30},"end":{"line":16,"column":1}},"9":{"start":{"line":15,"column":1},"end":{"line":15,"column":null}},"10":{"start":{"line":25,"column":14},"end":{"line":29,"column":null}},"11":{"start":{"line":31,"column":48},"end":{"line":61,"column":1}},"12":{"start":{"line":32,"column":2},"end":{"line":32,"column":8}},"13":{"start":{"line":32,"column":8},"end":{"line":32,"column":null}},"14":{"start":{"line":33,"column":2},"end":{"line":33,"column":8}},"15":{"start":{"line":33,"column":8},"end":{"line":33,"column":null}},"16":{"start":{"line":34,"column":10},"end":{"line":34,"column":null}},"17":{"start":{"line":35,"column":2},"end":{"line":35,"column":8}},"18":{"start":{"line":35,"column":8},"end":{"line":35,"column":null}},"19":{"start":{"line":38,"column":19},"end":{"line":38,"column":32}},"20":{"start":{"line":40,"column":18},"end":{"line":43,"column":3}},"21":{"start":{"line":42,"column":4},"end":{"line":42,"column":18}},"22":{"start":{"line":44,"column":21},"end":{"line":47,"column":3}},"23":{"start":{"line":46,"column":4},"end":{"line":46,"column":30}},"24":{"start":{"line":48,"column":2},"end":{"line":60,"column":null}},"25":{"start":{"line":63,"column":0},"end":{"line":63,"column":null}}},"fnMap":{"0":{"name":"(anonymous_3)","decl":{"start":{"line":14,"column":30},"end":{"line":14,"column":null}},"loc":{"start":{"line":14,"column":30},"end":{"line":16,"column":1}}},"1":{"name":"(anonymous_4)","decl":{"start":{"line":31,"column":48},"end":{"line":31,"column":49}},"loc":{"start":{"line":36,"column":1},"end":{"line":61,"column":1}}},"2":{"name":"(anonymous_5)","decl":{"start":{"line":40,"column":18},"end":{"line":40,"column":null}},"loc":{"start":{"line":40,"column":18},"end":{"line":43,"column":3}}},"3":{"name":"(anonymous_6)","decl":{"start":{"line":44,"column":21},"end":{"line":44,"column":null}},"loc":{"start":{"line":44,"column":21},"end":{"line":47,"column":3}}}},"branchMap":{"0":{"loc":{"start":{"line":32,"column":8},"end":{"line":32,"column":null}},"type":"cond-expr","locations":[{"start":{"line":32,"column":9},"end":{"line":32,"column":23}},{"start":{"line":32,"column":23},"end":{"line":32,"column":null}}]},"1":{"loc":{"start":{"line":33,"column":8},"end":{"line":33,"column":null}},"type":"cond-expr","locations":[{"start":{"line":33,"column":9},"end":{"line":33,"column":23}},{"start":{"line":33,"column":23},"end":{"line":33,"column":null}}]},"2":{"loc":{"start":{"line":35,"column":8},"end":{"line":35,"column":null}},"type":"cond-expr","locations":[{"start":{"line":35,"column":9},"end":{"line":35,"column":23}},{"start":{"line":35,"column":23},"end":{"line":35,"column":null}}]}},"s":{"0":1,"1":1,"2":1,"3":1,"4":1,"5":1,"6":1,"7":1,"8":1,"9":0,"10":1,"11":1,"12":0,"13":0,"14":0,"15":0,"16":0,"17":0,"18":0,"19":0,"20":0,"21":0,"22":0,"23":0,"24":0,"25":1},"f":{"0":0,"1":0,"2":0,"3":0},"b":{"0":[0,0],"1":[0,0],"2":[0,0]}}
,"/home/narec/VSCode/react-learning/Naresh_LDP/minit-react-learning/src/components/templates/MiniteTemplate/index.stories.tsx": {"path":"/home/narec/VSCode/react-learning/Naresh_LDP/minit-react-learning/src/components/templates/MiniteTemplate/index.stories.tsx","statementMap":{"0":{"start":{"line":1,"column":0},"end":{"line":1,"column":31}},"1":{"start":{"line":3,"column":0},"end":{"line":3,"column":44}},"2":{"start":{"line":4,"column":0},"end":{"line":4,"column":44}},"3":{"start":{"line":5,"column":0},"end":{"line":5,"column":46}},"4":{"start":{"line":6,"column":0},"end":{"line":6,"column":44}},"5":{"start":{"line":8,"column":0},"end":{"line":15,"column":2}},"6":{"start":{"line":18,"column":30},"end":{"line":20,"column":1}},"7":{"start":{"line":19,"column":2},"end":{"line":19,"column":null}},"8":{"start":{"line":22,"column":56},"end":{"line":22,"column":null}},"9":{"start":{"line":22,"column":66},"end":{"line":24,"column":2}},"10":{"start":{"line":28,"column":13},"end":{"line":28,"column":41}},"11":{"start":{"line":29,"column":0},"end":{"line":37,"column":2}}},"fnMap":{"0":{"name":"(anonymous_3)","decl":{"start":{"line":18,"column":30},"end":{"line":18,"column":null}},"loc":{"start":{"line":18,"column":30},"end":{"line":20,"column":1}}},"1":{"name":"(anonymous_4)","decl":{"start":{"line":22,"column":56},"end":{"line":22,"column":57}},"loc":{"start":{"line":22,"column":61},"end":{"line":22,"column":null}}}},"branchMap":{},"s":{"0":0,"1":0,"2":0,"3":0,"4":0,"5":0,"6":0,"7":0,"8":0,"9":0,"10":0,"11":0},"f":{"0":0,"1":0},"b":{}}
,"/home/narec/VSCode/react-learning/Naresh_LDP/minit-react-learning/src/components/templates/MiniteTemplate/index.tsx": {"path":"/home/narec/VSCode/react-learning/Naresh_LDP/minit-react-learning/src/components/templates/MiniteTemplate/index.tsx","statementMap":{"0":{"start":{"line":2,"column":0},"end":{"line":2,"column":36}},"1":{"start":{"line":14,"column":54},"end":{"line":41,"column":1}},"2":{"start":{"line":15,"column":8},"end":{"line":15,"column":null}},"3":{"start":{"line":16,"column":8},"end":{"line":16,"column":null}},"4":{"start":{"line":17,"column":8},"end":{"line":17,"column":null}},"5":{"start":{"line":18,"column":10},"end":{"line":18,"column":null}},"6":{"start":{"line":19,"column":15},"end":{"line":19,"column":null}},"7":{"start":{"line":21,"column":2},"end":{"line":40,"column":null}},"8":{"start":{"line":43,"column":0},"end":{"line":43,"column":null}}},"fnMap":{"0":{"name":"(anonymous_2)","decl":{"start":{"line":14,"column":54},"end":{"line":14,"column":55}},"loc":{"start":{"line":20,"column":1},"end":{"line":41,"column":1}}}},"branchMap":{},"s":{"0":1,"1":1,"2":2,"3":1,"4":1,"5":1,"6":1,"7":1,"8":1},"f":{"0":2},"b":{}}
,"/home/narec/VSCode/react-learning/Naresh_LDP/minit-react-learning/src/theme/index.tsx": {"path":"/home/narec/VSCode/react-learning/Naresh_LDP/minit-react-learning/src/theme/index.tsx","statementMap":{"0":{"start":{"line":5,"column":0},"end":{"line":5,"column":72}},"1":{"start":{"line":42,"column":14},"end":{"line":376,"column":2}},"2":{"start":{"line":46,"column":35},"end":{"line":46,"column":37}},"3":{"start":{"line":46,"column":42},"end":{"line":56,"column":null}},"4":{"start":{"line":57,"column":26},"end":{"line":57,"column":28}},"5":{"start":{"line":57,"column":33},"end":{"line":62,"column":null}},"6":{"start":{"line":67,"column":32},"end":{"line":67,"column":34}},"7":{"start":{"line":67,"column":39},"end":{"line":75,"column":null}},"8":{"start":{"line":86,"column":27},"end":{"line":86,"column":29}},"9":{"start":{"line":86,"column":34},"end":{"line":90,"column":null}},"10":{"start":{"line":107,"column":39},"end":{"line":107,"column":41}},"11":{"start":{"line":107,"column":46},"end":{"line":135,"column":null}},"12":{"start":{"line":136,"column":41},"end":{"line":136,"column":43}},"13":{"start":{"line":136,"column":48},"end":{"line":164,"column":null}},"14":{"start":{"line":165,"column":38},"end":{"line":165,"column":40}},"15":{"start":{"line":165,"column":45},"end":{"line":194,"column":null}},"16":{"start":{"line":195,"column":40},"end":{"line":195,"column":42}},"17":{"start":{"line":195,"column":47},"end":{"line":223,"column":null}},"18":{"start":{"line":224,"column":32},"end":{"line":224,"column":34}},"19":{"start":{"line":224,"column":39},"end":{"line":229,"column":null}},"20":{"start":{"line":230,"column":34},"end":{"line":230,"column":36}},"21":{"start":{"line":230,"column":41},"end":{"line":254,"column":null}},"22":{"start":{"line":375,"column":31},"end":{"line":375,"column":null}},"23":{"start":{"line":379,"column":24},"end":{"line":379,"column":50}},"24":{"start":{"line":381,"column":0},"end":{"line":381,"column":31}}},"fnMap":{"0":{"name":"(anonymous_2)","decl":{"start":{"line":46,"column":22},"end":{"line":46,"column":23}},"loc":{"start":{"line":46,"column":37},"end":{"line":46,"column":null}}},"1":{"name":"(anonymous_3)","decl":{"start":{"line":57,"column":13},"end":{"line":57,"column":14}},"loc":{"start":{"line":57,"column":28},"end":{"line":57,"column":null}}},"2":{"name":"(anonymous_4)","decl":{"start":{"line":67,"column":19},"end":{"line":67,"column":20}},"loc":{"start":{"line":67,"column":34},"end":{"line":67,"column":null}}},"3":{"name":"(anonymous_5)","decl":{"start":{"line":86,"column":14},"end":{"line":86,"column":15}},"loc":{"start":{"line":86,"column":29},"end":{"line":86,"column":null}}},"4":{"name":"(anonymous_6)","decl":{"start":{"line":107,"column":26},"end":{"line":107,"column":27}},"loc":{"start":{"line":107,"column":41},"end":{"line":107,"column":null}}},"5":{"name":"(anonymous_7)","decl":{"start":{"line":136,"column":28},"end":{"line":136,"column":29}},"loc":{"start":{"line":136,"column":43},"end":{"line":136,"column":null}}},"6":{"name":"(anonymous_8)","decl":{"start":{"line":165,"column":25},"end":{"line":165,"column":26}},"loc":{"start":{"line":165,"column":40},"end":{"line":165,"column":null}}},"7":{"name":"(anonymous_9)","decl":{"start":{"line":195,"column":27},"end":{"line":195,"column":28}},"loc":{"start":{"line":195,"column":42},"end":{"line":195,"column":null}}},"8":{"name":"(anonymous_10)","decl":{"start":{"line":224,"column":19},"end":{"line":224,"column":20}},"loc":{"start":{"line":224,"column":34},"end":{"line":224,"column":40}}},"9":{"name":"(anonymous_11)","decl":{"start":{"line":230,"column":21},"end":{"line":230,"column":22}},"loc":{"start":{"line":230,"column":36},"end":{"line":230,"column":null}}},"10":{"name":"(anonymous_12)","decl":{"start":{"line":375,"column":11},"end":{"line":375,"column":12}},"loc":{"start":{"line":375,"column":26},"end":{"line":375,"column":34}}}},"branchMap":{"0":{"loc":{"start":{"line":48,"column":14},"end":{"line":51,"column":12}},"type":"binary-expr","locations":[{"start":{"line":48,"column":14},"end":{"line":48,"column":41}},{"start":{"line":48,"column":45},"end":{"line":51,"column":12}}]},"1":{"loc":{"start":{"line":52,"column":14},"end":{"line":55,"column":12}},"type":"binary-expr","locations":[{"start":{"line":52,"column":14},"end":{"line":52,"column":42}},{"start":{"line":52,"column":46},"end":{"line":55,"column":12}}]},"2":{"loc":{"start":{"line":58,"column":14},"end":{"line":61,"column":12}},"type":"binary-expr","locations":[{"start":{"line":58,"column":14},"end":{"line":58,"column":39}},{"start":{"line":58,"column":43},"end":{"line":61,"column":12}}]},"3":{"loc":{"start":{"line":69,"column":14},"end":{"line":74,"column":14}},"type":"binary-expr","locations":[{"start":{"line":69,"column":14},"end":{"line":69,"column":44}},{"start":{"line":69,"column":48},"end":{"line":71,"column":null}},{"start":{"line":72,"column":12},"end":{"line":72,"column":42}},{"start":{"line":72,"column":46},"end":{"line":74,"column":14}}]},"4":{"loc":{"start":{"line":87,"column":14},"end":{"line":89,"column":12}},"type":"binary-expr","locations":[{"start":{"line":87,"column":14},"end":{"line":87,"column":48}},{"start":{"line":87,"column":52},"end":{"line":89,"column":12}}]},"5":{"loc":{"start":{"line":108,"column":14},"end":{"line":116,"column":12}},"type":"binary-expr","locations":[{"start":{"line":108,"column":14},"end":{"line":108,"column":42}},{"start":{"line":108,"column":46},"end":{"line":116,"column":12}}]},"6":{"loc":{"start":{"line":117,"column":14},"end":{"line":125,"column":12}},"type":"binary-expr","locations":[{"start":{"line":117,"column":14},"end":{"line":117,"column":41}},{"start":{"line":117,"column":45},"end":{"line":125,"column":12}}]},"7":{"loc":{"start":{"line":126,"column":14},"end":{"line":134,"column":12}},"type":"binary-expr","locations":[{"start":{"line":126,"column":14},"end":{"line":126,"column":41}},{"start":{"line":126,"column":45},"end":{"line":134,"column":12}}]},"8":{"loc":{"start":{"line":137,"column":14},"end":{"line":145,"column":12}},"type":"binary-expr","locations":[{"start":{"line":137,"column":14},"end":{"line":137,"column":42}},{"start":{"line":137,"column":46},"end":{"line":145,"column":12}}]},"9":{"loc":{"start":{"line":146,"column":14},"end":{"line":154,"column":12}},"type":"binary-expr","locations":[{"start":{"line":146,"column":14},"end":{"line":146,"column":41}},{"start":{"line":146,"column":45},"end":{"line":154,"column":12}}]},"10":{"loc":{"start":{"line":155,"column":14},"end":{"line":163,"column":12}},"type":"binary-expr","locations":[{"start":{"line":155,"column":14},"end":{"line":155,"column":41}},{"start":{"line":155,"column":45},"end":{"line":163,"column":12}}]},"11":{"loc":{"start":{"line":166,"column":14},"end":{"line":174,"column":12}},"type":"binary-expr","locations":[{"start":{"line":166,"column":14},"end":{"line":166,"column":42}},{"start":{"line":166,"column":46},"end":{"line":174,"column":12}}]},"12":{"loc":{"start":{"line":175,"column":14},"end":{"line":184,"column":12}},"type":"binary-expr","locations":[{"start":{"line":175,"column":14},"end":{"line":175,"column":41}},{"start":{"line":175,"column":45},"end":{"line":184,"column":12}}]},"13":{"loc":{"start":{"line":185,"column":14},"end":{"line":193,"column":12}},"type":"binary-expr","locations":[{"start":{"line":185,"column":14},"end":{"line":185,"column":41}},{"start":{"line":185,"column":45},"end":{"line":193,"column":12}}]},"14":{"loc":{"start":{"line":196,"column":14},"end":{"line":204,"column":12}},"type":"binary-expr","locations":[{"start":{"line":196,"column":14},"end":{"line":196,"column":42}},{"start":{"line":196,"column":46},"end":{"line":204,"column":12}}]},"15":{"loc":{"start":{"line":205,"column":14},"end":{"line":213,"column":12}},"type":"binary-expr","locations":[{"start":{"line":205,"column":14},"end":{"line":205,"column":41}},{"start":{"line":205,"column":45},"end":{"line":213,"column":12}}]},"16":{"loc":{"start":{"line":214,"column":14},"end":{"line":222,"column":12}},"type":"binary-expr","locations":[{"start":{"line":214,"column":14},"end":{"line":214,"column":41}},{"start":{"line":214,"column":45},"end":{"line":222,"column":12}}]},"17":{"loc":{"start":{"line":231,"column":14},"end":{"line":238,"column":12}},"type":"binary-expr","locations":[{"start":{"line":231,"column":14},"end":{"line":231,"column":42}},{"start":{"line":231,"column":46},"end":{"line":238,"column":12}}]},"18":{"loc":{"start":{"line":239,"column":14},"end":{"line":246,"column":12}},"type":"binary-expr","locations":[{"start":{"line":239,"column":14},"end":{"line":239,"column":41}},{"start":{"line":239,"column":45},"end":{"line":246,"column":12}}]},"19":{"loc":{"start":{"line":247,"column":14},"end":{"line":253,"column":12}},"type":"binary-expr","locations":[{"start":{"line":247,"column":14},"end":{"line":247,"column":41}},{"start":{"line":247,"column":45},"end":{"line":253,"column":12}}]}},"s":{"0":1,"1":1,"2":2,"3":2,"4":2,"5":2,"6":59,"7":59,"8":0,"9":0,"10":3,"11":3,"12":3,"13":3,"14":3,"15":3,"16":3,"17":3,"18":3,"19":3,"20":3,"21":3,"22":117,"23":1,"24":1},"f":{"0":2,"1":2,"2":59,"3":0,"4":3,"5":3,"6":3,"7":3,"8":3,"9":3,"10":117},"b":{"0":[2,0],"1":[2,0],"2":[2,0],"3":[59,0,0,0],"4":[0,0],"5":[3,0],"6":[3,0],"7":[3,3],"8":[3,0],"9":[3,0],"10":[3,3],"11":[3,0],"12":[3,3],"13":[3,0],"14":[3,0],"15":[3,3],"16":[3,0],"17":[3,0],"18":[3,0],"19":[3,3]}}
,"/home/narec/VSCode/react-learning/Naresh_LDP/minit-react-learning/src/utils/constants.tsx": {"path":"/home/narec/VSCode/react-learning/Naresh_LDP/minit-react-learning/src/utils/constants.tsx","statementMap":{"0":{"start":{"line":1,"column":13},"end":{"line":7,"column":null}},"1":{"start":{"line":9,"column":13},"end":{"line":15,"column":null}},"2":{"start":{"line":17,"column":13},"end":{"line":25,"column":null}},"3":{"start":{"line":27,"column":13},"end":{"line":33,"column":null}},"4":{"start":{"line":35,"column":13},"end":{"line":40,"column":null}},"5":{"start":{"line":42,"column":13},"end":{"line":47,"column":null}},"6":{"start":{"line":49,"column":13},"end":{"line":61,"column":null}}},"fnMap":{},"branchMap":{},"s":{"0":1,"1":1,"2":1,"3":1,"4":1,"5":1,"6":1},"f":{},"b":{}}
}
