TN:
SF:src/App.tsx
FN:9,App
FNF:1
FNH:1
FNDA:2,App
DA:2,1
DA:3,1
DA:4,1
DA:5,1
DA:6,1
DA:7,1
DA:11,2
DA:29,1
LF:8
LH:8
BRF:0
BRH:0
end_of_record
TN:
SF:src/declaration.d.ts
FNF:0
FNH:0
LF:0
LH:0
BRF:0
BRH:0
end_of_record
TN:
SF:src/index.tsx
FNF:0
FNH:0
DA:1,0
DA:2,0
DA:3,0
DA:4,0
DA:5,0
DA:8,0
DA:11,0
DA:22,0
LF:8
LH:0
BRF:0
BRH:0
end_of_record
TN:
SF:src/react-app-env.d.ts
FNF:0
FNH:0
LF:0
LH:0
BRF:0
BRH:0
end_of_record
TN:
SF:src/reportWebVitals.ts
FN:3,(anonymous_6)
FN:5,(anonymous_7)
FN:5,(anonymous_8)
FNF:3
FNH:0
FNDA:0,(anonymous_6)
FNDA:0,(anonymous_7)
FNDA:0,(anonymous_8)
DA:3,0
DA:4,0
DA:5,0
DA:6,0
DA:7,0
DA:8,0
DA:9,0
DA:10,0
DA:15,0
LF:9
LH:0
BRDA:4,0,0,0
BRDA:4,1,0,0
BRDA:4,1,1,0
BRF:3
BRH:0
end_of_record
TN:
SF:src/components/atoms/Dropdown/index.stories.tsx
FN:12,(anonymous_3)
FNF:1
FNH:0
FNDA:0,(anonymous_3)
DA:1,0
DA:3,0
DA:12,0
DA:18,0
DA:19,0
LF:5
LH:0
BRF:0
BRH:0
end_of_record
TN:
SF:src/components/atoms/Dropdown/index.tsx
FN:15,(anonymous_2)
FNF:1
FNH:1
FNDA:2,(anonymous_2)
DA:5,2
DA:15,2
DA:16,2
DA:37,2
LF:4
LH:4
BRF:0
BRH:0
end_of_record
TN:
SF:src/components/atoms/MiniteAvatar/index.stories.tsx
FN:13,(anonymous_3)
FNF:1
FNH:0
FNDA:0,(anonymous_3)
DA:1,0
DA:3,0
DA:4,0
DA:13,0
DA:19,0
DA:20,0
LF:6
LH:0
BRF:0
BRH:0
end_of_record
TN:
SF:src/components/atoms/MiniteAvatar/index.tsx
FN:10,(anonymous_2)
FNF:1
FNH:1
FNDA:2,(anonymous_2)
DA:1,2
DA:10,2
DA:11,2
DA:21,2
LF:4
LH:4
BRDA:10,0,0,1
BRDA:10,0,1,1
BRDA:10,1,0,1
BRDA:10,1,1,1
BRF:4
BRH:4
end_of_record
TN:
SF:src/components/atoms/MiniteButton/index.stories.tsx
FN:16,(anonymous_3)
FN:30,(anonymous_4)
FNF:2
FNH:0
FNDA:0,(anonymous_3)
FNDA:0,(anonymous_4)
DA:2,0
DA:4,0
DA:6,0
DA:8,0
DA:12,0
DA:16,0
DA:17,0
DA:18,0
DA:21,0
DA:30,0
DA:34,0
DA:35,0
DA:45,0
DA:46,0
DA:55,0
DA:56,0
LF:16
LH:0
BRF:0
BRH:0
end_of_record
TN:
SF:src/components/atoms/MiniteButton/index.tsx
FN:15,(anonymous_3)
FNF:1
FNH:1
FNDA:4,(anonymous_3)
DA:2,2
DA:15,4
DA:16,4
DA:23,2
LF:4
LH:4
BRF:0
BRH:0
end_of_record
TN:
SF:src/components/atoms/MiniteIcon/index.stories.tsx
FN:14,(anonymous_3)
FN:18,(anonymous_4)
FNF:2
FNH:0
FNDA:0,(anonymous_3)
FNDA:0,(anonymous_4)
DA:1,0
DA:5,0
DA:14,0
DA:18,0
DA:19,0
DA:20,0
DA:25,0
DA:26,0
DA:31,0
DA:32,0
LF:10
LH:0
BRF:0
BRH:0
end_of_record
TN:
SF:src/components/atoms/MiniteIcon/index.tsx
FN:10,(anonymous_3)
FNF:1
FNH:0
FNDA:0,(anonymous_3)
DA:2,0
DA:10,0
DA:11,0
DA:18,0
LF:4
LH:0
BRF:0
BRH:0
end_of_record
TN:
SF:src/components/atoms/MiniteIconButton/index.stories.tsx
FN:13,(anonymous_3)
FNF:1
FNH:0
FNDA:0,(anonymous_3)
DA:1,0
DA:3,0
DA:4,0
DA:13,0
DA:19,0
DA:20,0
LF:6
LH:0
BRF:0
BRH:0
end_of_record
TN:
SF:src/components/atoms/MiniteIconButton/index.tsx
FN:13,(anonymous_3)
FNF:1
FNH:1
FNDA:7,(anonymous_3)
DA:1,2
DA:3,2
DA:13,7
DA:14,7
DA:24,2
LF:5
LH:5
BRF:0
BRH:0
end_of_record
TN:
SF:src/components/atoms/MiniteSlider/index.stories.tsx
FN:12,(anonymous_3)
FNF:1
FNH:0
FNDA:0,(anonymous_3)
DA:1,0
DA:3,0
DA:12,0
DA:16,0
DA:17,0
DA:26,0
DA:27,0
LF:7
LH:0
BRF:0
BRH:0
end_of_record
TN:
SF:src/components/atoms/MiniteSlider/index.tsx
FN:18,(anonymous_3)
FNF:1
FNH:1
FNDA:2,(anonymous_3)
DA:3,2
DA:4,2
DA:18,2
DA:19,2
DA:26,2
LF:5
LH:5
BRF:0
BRH:0
end_of_record
TN:
SF:src/components/atoms/MiniteSquarebox/index.stories.tsx
FN:11,(anonymous_3)
FN:15,(anonymous_4)
FNF:2
FNH:0
FNDA:0,(anonymous_3)
FNDA:0,(anonymous_4)
DA:1,0
DA:3,0
DA:11,0
DA:12,0
DA:15,0
DA:19,0
DA:20,0
DA:28,0
DA:29,0
LF:9
LH:0
BRF:0
BRH:0
end_of_record
TN:
SF:src/components/atoms/MiniteSquarebox/index.tsx
FN:15,(anonymous_3)
FNF:1
FNH:1
FNDA:7,(anonymous_3)
DA:2,2
DA:15,2
DA:16,7
DA:17,7
DA:18,7
DA:19,7
DA:25,7
DA:36,2
LF:8
LH:8
BRF:0
BRH:0
end_of_record
TN:
SF:src/components/atoms/MiniteTypography/index.stories.tsx
FN:12,(anonymous_3)
FNF:1
FNH:0
FNDA:0,(anonymous_3)
DA:1,0
DA:3,0
DA:12,0
DA:16,0
DA:17,0
DA:23,0
DA:24,0
LF:7
LH:0
BRF:0
BRH:0
end_of_record
TN:
SF:src/components/atoms/MiniteTypography/index.tsx
FN:8,(anonymous_4)
FNF:1
FNH:1
FNDA:52,(anonymous_4)
DA:2,2
DA:8,2
DA:9,52
DA:10,52
DA:11,52
DA:13,52
DA:20,2
LF:7
LH:7
BRF:0
BRH:0
end_of_record
TN:
SF:src/components/atoms/MuiIcon/index.stories.tsx
FN:14,(anonymous_3)
FNF:1
FNH:0
FNDA:0,(anonymous_3)
DA:2,0
DA:4,0
DA:5,0
DA:14,0
DA:20,0
DA:21,0
LF:6
LH:0
BRF:0
BRH:0
end_of_record
TN:
SF:src/components/atoms/MuiIcon/index.tsx
FN:13,(anonymous_0)
FNF:1
FNH:1
FNDA:23,(anonymous_0)
DA:13,23
DA:14,23
DA:16,3
LF:3
LH:3
BRF:0
BRH:0
end_of_record
TN:
SF:src/components/molecules/Amountdetails/index.stories.tsx
FN:13,(anonymous_3)
FNF:1
FNH:0
FNDA:0,(anonymous_3)
DA:1,0
DA:4,0
DA:13,0
DA:19,0
DA:20,0
LF:5
LH:0
BRF:0
BRH:0
end_of_record
TN:
SF:src/components/molecules/Amountdetails/index.tsx
FN:14,(anonymous_3)
FN:18,(anonymous_4)
FNF:2
FNH:0
FNDA:0,(anonymous_3)
FNDA:0,(anonymous_4)
DA:1,1
DA:3,1
DA:4,1
DA:5,1
DA:6,1
DA:7,1
DA:14,1
DA:15,0
DA:18,1
DA:19,0
DA:20,0
DA:21,0
DA:23,0
DA:65,1
LF:14
LH:9
BRF:0
BRH:0
end_of_record
TN:
SF:src/components/molecules/CheckoutSuccess/index.tsx
FN:15,(anonymous_3)
FN:20,(anonymous_4)
FNF:2
FNH:0
FNDA:0,(anonymous_3)
FNDA:0,(anonymous_4)
DA:1,1
DA:3,1
DA:4,1
DA:5,1
DA:6,1
DA:7,1
DA:15,1
DA:16,0
DA:17,0
DA:20,1
DA:23,0
DA:49,1
LF:12
LH:9
BRF:0
BRH:0
end_of_record
TN:
SF:src/components/molecules/ChooseCryptocard/index.stories.tsx
FN:14,(anonymous_3)
FNF:1
FNH:0
FNDA:0,(anonymous_3)
DA:1,0
DA:5,0
DA:14,0
DA:20,0
DA:21,0
LF:5
LH:0
BRF:0
BRH:0
end_of_record
TN:
SF:src/components/molecules/ChooseCryptocard/index.tsx
FN:35,(anonymous_3)
FN:44,(anonymous_4)
FN:47,(anonymous_5)
FNF:3
FNH:0
FNDA:0,(anonymous_3)
FNDA:0,(anonymous_4)
FNDA:0,(anonymous_5)
DA:1,1
DA:3,1
DA:4,1
DA:5,1
DA:6,1
DA:7,1
DA:8,1
DA:9,1
DA:10,1
DA:11,1
DA:12,1
DA:21,1
DA:28,1
DA:35,1
DA:37,0
DA:44,0
DA:47,0
DA:53,1
LF:18
LH:15
BRF:0
BRH:0
end_of_record
TN:
SF:src/components/molecules/CryptoCardMenu/index.stories.tsx
FN:14,(anonymous_3)
FNF:1
FNH:0
FNDA:0,(anonymous_3)
DA:1,0
DA:3,0
DA:5,0
DA:14,0
DA:20,0
DA:21,0
LF:6
LH:0
BRF:0
BRH:0
end_of_record
TN:
SF:src/components/molecules/CryptoCardMenu/index.tsx
FN:14,(anonymous_3)
FN:17,handleNeedHelp
FNF:2
FNH:0
FNDA:0,(anonymous_3)
FNDA:0,handleNeedHelp
DA:1,1
DA:3,1
DA:4,1
DA:14,1
DA:18,0
DA:19,0
DA:22,0
DA:39,1
LF:8
LH:5
BRF:0
BRH:0
end_of_record
TN:
SF:src/components/molecules/DepositTo/index.stories.tsx
FN:13,(anonymous_3)
FNF:1
FNH:0
FNDA:0,(anonymous_3)
DA:1,0
DA:3,0
DA:4,0
DA:13,0
DA:19,0
DA:20,0
LF:6
LH:0
BRF:0
BRH:0
end_of_record
TN:
SF:src/components/molecules/DepositTo/index.tsx
FN:14,(anonymous_3)
FNF:1
FNH:0
FNDA:0,(anonymous_3)
DA:3,1
DA:4,1
DA:5,1
DA:6,1
DA:14,1
DA:15,0
DA:16,0
DA:17,0
DA:19,0
DA:41,1
LF:10
LH:6
BRF:0
BRH:0
end_of_record
TN:
SF:src/components/molecules/MyportfolioValue/index.stories.tsx
FN:14,(anonymous_3)
FNF:1
FNH:0
FNDA:0,(anonymous_3)
DA:1,0
DA:3,0
DA:5,0
DA:14,0
DA:20,0
DA:21,0
LF:6
LH:0
BRF:0
BRH:0
end_of_record
TN:
SF:src/components/molecules/MyportfolioValue/index.tsx
FN:17,(anonymous_3)
FN:24,handleNeedHelp
FNF:2
FNH:1
FNDA:1,(anonymous_3)
FNDA:0,handleNeedHelp
DA:1,1
DA:3,1
DA:4,1
DA:5,1
DA:6,1
DA:7,1
DA:17,1
DA:18,1
DA:19,1
DA:20,1
DA:21,1
DA:22,1
DA:25,0
DA:26,0
DA:29,1
DA:80,1
LF:16
LH:14
BRF:0
BRH:0
end_of_record
TN:
SF:src/components/molecules/OredrSummary/index.stories.tsx
FN:13,(anonymous_3)
FNF:1
FNH:0
FNDA:0,(anonymous_3)
DA:1,0
DA:4,0
DA:13,0
DA:19,0
DA:20,0
LF:5
LH:0
BRF:0
BRH:0
end_of_record
TN:
SF:src/components/molecules/OredrSummary/index.tsx
FN:17,(anonymous_3)
FNF:1
FNH:0
FNDA:0,(anonymous_3)
DA:1,1
DA:3,1
DA:4,1
DA:5,1
DA:6,1
DA:7,1
DA:8,1
DA:9,1
DA:17,1
DA:18,0
DA:19,0
DA:20,0
DA:22,0
DA:73,1
LF:14
LH:10
BRF:0
BRH:0
end_of_record
TN:
SF:src/components/molecules/PortpolioMenu/index.stories.tsx
FN:14,(anonymous_3)
FNF:1
FNH:0
FNDA:0,(anonymous_3)
DA:1,0
DA:3,0
DA:5,0
DA:14,0
DA:20,0
DA:21,0
LF:6
LH:0
BRF:0
BRH:0
end_of_record
TN:
SF:src/components/molecules/PortpolioMenu/index.tsx
FN:16,(anonymous_3)
FN:25,handleNeedHelp
FNF:2
FNH:1
FNDA:7,(anonymous_3)
FNDA:0,handleNeedHelp
DA:1,1
DA:3,1
DA:4,1
DA:16,1
DA:17,7
DA:18,7
DA:19,7
DA:20,7
DA:21,7
DA:22,7
DA:23,7
DA:26,0
DA:27,0
DA:30,7
DA:71,1
LF:15
LH:13
BRF:0
BRH:0
end_of_record
TN:
SF:src/components/molecules/PortpolioMenuList/index.stories.tsx
FN:14,(anonymous_3)
FNF:1
FNH:0
FNDA:0,(anonymous_3)
DA:1,0
DA:3,0
DA:5,0
DA:14,0
DA:20,0
DA:21,0
LF:6
LH:0
BRF:0
BRH:0
end_of_record
TN:
SF:src/components/molecules/PortpolioMenuList/index.tsx
FN:83,handleNeedHelp
FN:88,(anonymous_4)
FN:121,(anonymous_5)
FNF:3
FNH:2
FNDA:0,handleNeedHelp
FNDA:1,(anonymous_4)
FNDA:6,(anonymous_5)
DA:1,1
DA:13,1
DA:14,1
DA:15,1
DA:16,1
DA:17,1
DA:18,1
DA:20,1
DA:21,1
DA:22,1
DA:32,1
DA:84,0
DA:85,0
DA:88,1
DA:89,1
DA:90,1
DA:91,1
DA:92,1
DA:93,1
DA:95,1
DA:121,6
DA:172,1
LF:22
LH:20
BRF:0
BRH:0
end_of_record
TN:
SF:src/components/molecules/Selectinput/index.tsx
FN:12,(anonymous_2)
FN:15,(anonymous_3)
FN:21,(anonymous_4)
FNF:3
FNH:2
FNDA:1,(anonymous_2)
FNDA:0,(anonymous_3)
FNDA:3,(anonymous_4)
DA:1,1
DA:12,1
DA:13,1
DA:15,1
DA:16,0
DA:19,1
DA:21,3
DA:30,1
LF:8
LH:7
BRF:0
BRH:0
end_of_record
TN:
SF:src/components/molecules/TimePeriodCard/index.stories.tsx
FN:13,(anonymous_3)
FN:17,(anonymous_4)
FNF:2
FNH:0
FNDA:0,(anonymous_3)
FNDA:0,(anonymous_4)
DA:1,0
DA:4,0
DA:13,0
DA:17,0
DA:18,0
DA:22,0
DA:23,0
LF:7
LH:0
BRF:0
BRH:0
end_of_record
TN:
SF:src/components/molecules/TimePeriodCard/index.tsx
FN:13,(anonymous_3)
FNF:1
FNH:1
FNDA:1,(anonymous_3)
DA:1,1
DA:3,1
DA:13,1
DA:14,1
DA:15,1
DA:16,1
DA:17,1
DA:22,1
DA:45,1
LF:9
LH:9
BRDA:14,0,0,0
BRDA:14,0,1,1
BRDA:15,1,0,0
BRDA:15,1,1,1
BRF:4
BRH:2
end_of_record
TN:
SF:src/components/molecules/TotalBalance/index.stories.tsx
FN:13,(anonymous_3)
FNF:1
FNH:0
FNDA:0,(anonymous_3)
DA:1,0
DA:3,0
DA:4,0
DA:13,0
DA:19,0
DA:20,0
LF:6
LH:0
BRF:0
BRH:0
end_of_record
TN:
SF:src/components/molecules/TotalBalance/index.tsx
FN:13,(anonymous_3)
FNF:1
FNH:0
FNDA:0,(anonymous_3)
DA:1,1
DA:3,1
DA:4,1
DA:13,1
DA:16,0
DA:37,1
LF:6
LH:5
BRF:0
BRH:0
end_of_record
TN:
SF:src/components/molecules/WatchList/index.stories.tsx
FN:14,(anonymous_3)
FNF:1
FNH:0
FNDA:0,(anonymous_3)
DA:1,0
DA:3,0
DA:5,0
DA:14,0
DA:20,0
DA:21,0
LF:6
LH:0
BRF:0
BRH:0
end_of_record
TN:
SF:src/components/molecules/WatchList/index.tsx
FN:19,(anonymous_3)
FN:26,handleNeedHelp
FNF:2
FNH:1
FNDA:1,(anonymous_3)
FNDA:0,handleNeedHelp
DA:1,1
DA:3,1
DA:4,1
DA:5,1
DA:6,1
DA:7,1
DA:8,1
DA:9,1
DA:19,1
DA:20,1
DA:21,1
DA:22,1
DA:23,1
DA:24,1
DA:27,0
DA:28,0
DA:31,1
DA:120,1
LF:18
LH:16
BRF:0
BRH:0
end_of_record
TN:
SF:src/components/organisms/Footer/index.stories.tsx
FN:13,(anonymous_3)
FNF:1
FNH:0
FNDA:0,(anonymous_3)
DA:1,0
DA:4,0
DA:13,0
DA:19,0
DA:20,0
LF:5
LH:0
BRF:0
BRH:0
end_of_record
TN:
SF:src/components/organisms/Footer/index.tsx
FN:21,(anonymous_3)
FN:31,(anonymous_4)
FNF:2
FNH:1
FNDA:0,(anonymous_3)
FNDA:1,(anonymous_4)
DA:2,1
DA:3,1
DA:4,1
DA:5,1
DA:6,1
DA:7,1
DA:15,1
DA:21,1
DA:22,0
DA:23,0
DA:31,1
DA:32,1
DA:88,1
LF:13
LH:11
BRF:0
BRH:0
end_of_record
TN:
SF:src/components/organisms/Header/index.stories.tsx
FN:14,(anonymous_3)
FNF:1
FNH:0
FNDA:0,(anonymous_3)
DA:1,0
DA:5,0
DA:14,0
DA:20,0
DA:21,0
LF:5
LH:0
BRF:0
BRH:0
end_of_record
TN:
SF:src/components/organisms/Header/index.tsx
FN:22,(anonymous_3)
FN:29,(anonymous_4)
FN:33,(anonymous_5)
FNF:3
FNH:1
FNDA:0,(anonymous_3)
FNDA:1,(anonymous_4)
FNDA:0,(anonymous_5)
DA:1,1
DA:3,1
DA:4,1
DA:5,1
DA:6,1
DA:7,1
DA:8,1
DA:9,1
DA:22,1
DA:23,0
DA:24,0
DA:29,1
DA:31,1
DA:33,1
DA:35,0
DA:38,1
DA:86,1
LF:17
LH:14
BRF:0
BRH:0
end_of_record
TN:
SF:src/components/organisms/Mainbar/index.stories.tsx
FN:14,(anonymous_3)
FNF:1
FNH:0
FNDA:0,(anonymous_3)
DA:1,0
DA:5,0
DA:14,0
DA:20,0
DA:21,0
LF:5
LH:0
BRF:0
BRH:0
end_of_record
TN:
SF:src/components/organisms/Mainbar/index.tsx
FN:17,(anonymous_2)
FN:22,(anonymous_3)
FNF:2
FNH:1
FNDA:0,(anonymous_2)
FNDA:1,(anonymous_3)
DA:1,1
DA:17,1
DA:18,0
DA:19,0
DA:22,1
DA:23,1
DA:40,1
LF:7
LH:5
BRF:0
BRH:0
end_of_record
TN:
SF:src/components/organisms/Navbar/index.stories.tsx
FN:12,(anonymous_3)
FNF:1
FNH:0
FNDA:0,(anonymous_3)
DA:1,0
DA:3,0
DA:12,0
DA:18,0
DA:19,0
LF:5
LH:0
BRF:0
BRH:0
end_of_record
TN:
SF:src/components/organisms/Navbar/index.tsx
FN:19,(anonymous_3)
FN:64,(anonymous_4)
FN:68,(anonymous_5)
FN:92,(anonymous_6)
FNF:4
FNH:2
FNDA:0,(anonymous_3)
FNDA:2,(anonymous_4)
FNDA:0,(anonymous_5)
FNDA:5,(anonymous_6)
DA:1,1
DA:3,1
DA:4,1
DA:5,1
DA:6,1
DA:8,1
DA:9,1
DA:10,1
DA:19,1
DA:20,0
DA:21,0
DA:31,1
DA:64,2
DA:66,1
DA:68,1
DA:70,0
DA:72,1
DA:92,5
DA:100,1
LF:19
LH:16
BRF:0
BRH:0
end_of_record
TN:
SF:src/components/pages/Dashboard/index.stories.tsx
FN:16,(anonymous_3)
FNF:1
FNH:0
FNDA:0,(anonymous_3)
DA:1,0
DA:7,0
DA:16,0
DA:22,0
DA:23,0
LF:5
LH:0
BRF:0
BRH:0
end_of_record
TN:
SF:src/components/pages/Dashboard/index.tsx
FN:15,handleSellButtonClick
FN:34,(anonymous_4)
FNF:2
FNH:1
FNDA:0,handleSellButtonClick
FNDA:2,(anonymous_4)
DA:2,1
DA:3,1
DA:4,1
DA:5,1
DA:6,1
DA:7,1
DA:8,1
DA:9,1
DA:10,1
DA:16,0
DA:27,1
DA:34,1
DA:35,2
DA:36,1
DA:37,1
DA:38,1
DA:41,1
DA:82,1
LF:18
LH:17
BRDA:44,0,0,1
BRDA:44,0,1,0
BRDA:45,1,0,1
BRDA:45,1,1,0
BRDA:46,2,0,1
BRDA:46,2,1,0
BRDA:47,3,0,1
BRDA:47,3,1,0
BRF:8
BRH:4
end_of_record
TN:
SF:src/components/pages/SellcheckoutPage/index.stories.tsx
FN:16,(anonymous_3)
FNF:1
FNH:0
FNDA:0,(anonymous_3)
DA:1,0
DA:7,0
DA:16,0
DA:22,0
DA:23,0
LF:5
LH:0
BRF:0
BRH:0
end_of_record
TN:
SF:src/components/pages/SellcheckoutPage/index.tsx
FN:33,(anonymous_3)
FN:38,(anonymous_4)
FN:48,(anonymous_5)
FNF:3
FNH:0
FNDA:0,(anonymous_3)
FNDA:0,(anonymous_4)
FNDA:0,(anonymous_5)
DA:2,1
DA:3,1
DA:4,1
DA:5,1
DA:6,1
DA:7,1
DA:8,1
DA:9,1
DA:10,1
DA:11,1
DA:12,1
DA:13,1
DA:14,1
DA:15,1
DA:26,1
DA:33,1
DA:34,0
DA:35,0
DA:38,1
DA:39,0
DA:40,0
DA:41,0
DA:42,0
DA:43,0
DA:46,0
DA:48,0
DA:50,0
DA:53,0
DA:82,1
LF:29
LH:18
BRDA:39,0,0,0
BRDA:39,0,1,0
BRDA:40,1,0,0
BRDA:40,1,1,0
BRDA:41,2,0,0
BRDA:41,2,1,0
BRDA:43,3,0,0
BRDA:43,3,1,0
BRF:8
BRH:0
end_of_record
TN:
SF:src/components/pages/SuccessPage/index.stories.tsx
FN:15,(anonymous_3)
FNF:1
FNH:0
FNDA:0,(anonymous_3)
DA:1,0
DA:6,0
DA:15,0
DA:21,0
DA:22,0
LF:5
LH:0
BRF:0
BRH:0
end_of_record
TN:
SF:src/components/pages/SuccessPage/index.tsx
FN:14,(anonymous_3)
FN:31,(anonymous_4)
FN:40,(anonymous_5)
FN:44,(anonymous_6)
FNF:4
FNH:0
FNDA:0,(anonymous_3)
FNDA:0,(anonymous_4)
FNDA:0,(anonymous_5)
FNDA:0,(anonymous_6)
DA:2,1
DA:3,1
DA:4,1
DA:5,1
DA:6,1
DA:8,1
DA:9,1
DA:10,1
DA:14,1
DA:15,0
DA:25,1
DA:31,1
DA:32,0
DA:33,0
DA:34,0
DA:35,0
DA:38,0
DA:40,0
DA:42,0
DA:44,0
DA:46,0
DA:48,0
DA:63,1
LF:23
LH:12
BRDA:32,0,0,0
BRDA:32,0,1,0
BRDA:33,1,0,0
BRDA:33,1,1,0
BRDA:35,2,0,0
BRDA:35,2,1,0
BRF:6
BRH:0
end_of_record
TN:
SF:src/components/templates/MiniteTemplate/index.stories.tsx
FN:18,(anonymous_3)
FN:22,(anonymous_4)
FNF:2
FNH:0
FNDA:0,(anonymous_3)
FNDA:0,(anonymous_4)
DA:1,0
DA:3,0
DA:4,0
DA:5,0
DA:6,0
DA:8,0
DA:18,0
DA:19,0
DA:22,0
DA:28,0
DA:29,0
LF:11
LH:0
BRF:0
BRH:0
end_of_record
TN:
SF:src/components/templates/MiniteTemplate/index.tsx
FN:14,(anonymous_2)
FNF:1
FNH:1
FNDA:2,(anonymous_2)
DA:2,1
DA:14,1
DA:15,2
DA:16,1
DA:17,1
DA:18,1
DA:19,1
DA:21,1
DA:43,1
LF:9
LH:9
BRF:0
BRH:0
end_of_record
TN:
SF:src/theme/index.tsx
FN:46,(anonymous_2)
FN:57,(anonymous_3)
FN:67,(anonymous_4)
FN:86,(anonymous_5)
FN:107,(anonymous_6)
FN:136,(anonymous_7)
FN:165,(anonymous_8)
FN:195,(anonymous_9)
FN:224,(anonymous_10)
FN:230,(anonymous_11)
FN:375,(anonymous_12)
FNF:11
FNH:10
FNDA:2,(anonymous_2)
FNDA:2,(anonymous_3)
FNDA:59,(anonymous_4)
FNDA:0,(anonymous_5)
FNDA:3,(anonymous_6)
FNDA:3,(anonymous_7)
FNDA:3,(anonymous_8)
FNDA:3,(anonymous_9)
FNDA:3,(anonymous_10)
FNDA:3,(anonymous_11)
FNDA:117,(anonymous_12)
DA:5,1
DA:42,1
DA:46,2
DA:57,2
DA:67,59
DA:86,0
DA:107,3
DA:136,3
DA:165,3
DA:195,3
DA:224,3
DA:230,3
DA:375,117
DA:379,1
DA:381,1
LF:15
LH:14
BRDA:48,0,0,2
BRDA:48,0,1,0
BRDA:52,1,0,2
BRDA:52,1,1,0
BRDA:58,2,0,2
BRDA:58,2,1,0
BRDA:69,3,0,59
BRDA:69,3,1,0
BRDA:69,3,2,0
BRDA:69,3,3,0
BRDA:87,4,0,0
BRDA:87,4,1,0
BRDA:108,5,0,3
BRDA:108,5,1,0
BRDA:117,6,0,3
BRDA:117,6,1,0
BRDA:126,7,0,3
BRDA:126,7,1,3
BRDA:137,8,0,3
BRDA:137,8,1,0
BRDA:146,9,0,3
BRDA:146,9,1,0
BRDA:155,10,0,3
BRDA:155,10,1,3
BRDA:166,11,0,3
BRDA:166,11,1,0
BRDA:175,12,0,3
BRDA:175,12,1,3
BRDA:185,13,0,3
BRDA:185,13,1,0
BRDA:196,14,0,3
BRDA:196,14,1,0
BRDA:205,15,0,3
BRDA:205,15,1,3
BRDA:214,16,0,3
BRDA:214,16,1,0
BRDA:231,17,0,3
BRDA:231,17,1,0
BRDA:239,18,0,3
BRDA:239,18,1,0
BRDA:247,19,0,3
BRDA:247,19,1,3
BRF:42
BRH:24
end_of_record
TN:
SF:src/utils/constants.tsx
FNF:0
FNH:0
DA:1,1
DA:9,1
DA:17,1
DA:27,1
DA:35,1
DA:42,1
DA:49,1
LF:7
LH:7
BRF:0
BRH:0
end_of_record
